#-----------------------------------------------------------
# Vivado v2016.2 (64-bit)
# SW Build 1577090 on Thu Jun  2 16:32:40 MDT 2016
# IP Build 1577682 on Fri Jun  3 12:00:54 MDT 2016
# Start of session at: Mon Jun 18 17:46:47 2018
# Process ID: 15656
# Current directory: D:/Users/user/Desktop/1071/Verilog/final project/final_project
# Command line: vivado.exe -gui_launcher_event rodinguilauncherevent14780 D:\Users\user\Desktop\1071\Verilog\final project\final_project\final_project.xpr
# Log file: D:/Users/user/Desktop/1071/Verilog/final project/final_project/vivado.log
# Journal file: D:/Users/user/Desktop/1071/Verilog/final project/final_project\vivado.jou
#-----------------------------------------------------------
start_gui
open_project {D:/Users/user/Desktop/1071/Verilog/final project/final_project/final_project.xpr}
Scanning sources...
Finished scanning sources
INFO: [IP_Flow 19-234] Refreshing IP repositories
INFO: [IP_Flow 19-1700] Loaded user IP repository 'd:/Users/user/Desktop/1071/Verilog/final project/final_project/final_project.srcs/sources_1/ip/Keyboard-Controller'.
INFO: [IP_Flow 19-2313] Loaded Vivado IP repository 'C:/Xilinx/Vivado/2016.2/data/ip'.
open_project: Time (s): cpu = 00:00:18 ; elapsed = 00:00:11 . Memory (MB): peak = 797.172 ; gain = 132.855
update_compile_order -fileset sources_1
exit
INFO: [Common 17-206] Exiting Vivado at Mon Jun 18 17:47:32 2018...
