Copyright 1986-2016 Xilinx, Inc. All Rights Reserved.
-------------------------------------------------------------------------------------------------------------------------------
| Tool Version     : Vivado v.2016.2 (win64) Build 1577090 Thu Jun  2 16:32:40 MDT 2016
| Date             : Sat Jun 16 20:19:39 2018
| Host             : DESKTOP-C7OAI1J running 64-bit major release  (build 9200)
| Command          : report_power -file top_power_routed.rpt -pb top_power_summary_routed.pb -rpx top_power_routed.rpx
| Design           : top
| Device           : xc7a35tcpg236-1
| Design State     : routed
| Grade            : commercial
| Process          : typical
| Characterization : Production
-------------------------------------------------------------------------------------------------------------------------------

Power Report

Table of Contents
-----------------
1. Summary
1.1 On-Chip Components
1.2 Power Supply Summary
1.3 Confidence Level
2. Settings
2.1 Environment
2.2 Clock Constraints
3. Detailed Reports
3.1 By Hierarchy

1. Summary
----------

+--------------------------+----------------------------------+
| Total On-Chip Power (W)  | 21.363 (Junction temp exceeded!) |
| Dynamic (W)              | 20.836                           |
| Device Static (W)        | 0.527                            |
| Effective TJA (C/W)      | 5.0                              |
| Max Ambient (C)          | 0.0                              |
| Junction Temperature (C) | 125.0                            |
| Confidence Level         | Low                              |
| Setting File             | ---                              |
| Simulation Activity File | ---                              |
| Design Nets Matched      | NA                               |
+--------------------------+----------------------------------+


1.1 On-Chip Components
----------------------

+----------------+-----------+----------+-----------+-----------------+
| On-Chip        | Power (W) | Used     | Available | Utilization (%) |
+----------------+-----------+----------+-----------+-----------------+
| Slice Logic    |     3.616 |     3196 |       --- |             --- |
|   LUT as Logic |     3.325 |     1926 |     20800 |            9.26 |
|   CARRY4       |     0.138 |       89 |      8150 |            1.09 |
|   F7/F8 Muxes  |     0.071 |      184 |     32600 |            0.56 |
|   BUFG         |     0.047 |        2 |        32 |            6.25 |
|   Register     |     0.034 |      758 |     41600 |            1.82 |
|   Others       |     0.000 |       70 |       --- |             --- |
| Signals        |     4.535 |     2921 |       --- |             --- |
| Block RAM      |     5.507 |     26.5 |        50 |           53.00 |
| DSPs           |     2.178 |       29 |        90 |           32.22 |
| I/O            |     4.999 |       18 |       106 |           16.98 |
| Static Power   |     0.527 |          |           |                 |
| Total          |    21.363 |          |           |                 |
+----------------+-----------+----------+-----------+-----------------+


1.2 Power Supply Summary
------------------------

+-----------+-------------+-----------+-------------+------------+
| Source    | Voltage (V) | Total (A) | Dynamic (A) | Static (A) |
+-----------+-------------+-----------+-------------+------------+
| Vccint    |       1.000 |    15.714 |      15.353 |      0.361 |
| Vccaux    |       1.800 |     0.236 |       0.183 |      0.053 |
| Vcco33    |       3.300 |     1.414 |       1.413 |      0.001 |
| Vcco25    |       2.500 |     0.000 |       0.000 |      0.000 |
| Vcco18    |       1.800 |     0.000 |       0.000 |      0.000 |
| Vcco15    |       1.500 |     0.000 |       0.000 |      0.000 |
| Vcco135   |       1.350 |     0.000 |       0.000 |      0.000 |
| Vcco12    |       1.200 |     0.000 |       0.000 |      0.000 |
| Vccaux_io |       1.800 |     0.000 |       0.000 |      0.000 |
| Vccbram   |       1.000 |     0.521 |       0.490 |      0.031 |
| MGTAVcc   |       1.000 |     0.000 |       0.000 |      0.000 |
| MGTAVtt   |       1.200 |     0.000 |       0.000 |      0.000 |
| Vccadc    |       1.800 |     0.020 |       0.000 |      0.020 |
+-----------+-------------+-----------+-------------+------------+


1.3 Confidence Level
--------------------

+-----------------------------+------------+--------------------------------------------------------+--------------------------------------------------------------------------------------------------------------------+
| User Input Data             | Confidence | Details                                                | Action                                                                                                             |
+-----------------------------+------------+--------------------------------------------------------+--------------------------------------------------------------------------------------------------------------------+
| Design implementation state | High       | Design is routed                                       |                                                                                                                    |
| Clock nodes activity        | Low        | User specified less than 75% of clocks                 | Provide missing clock activity with a constraint file, simulation results or by editing the "By Clock Domain" view |
| I/O nodes activity          | Low        | More than 75% of inputs are missing user specification | Provide missing input activity with simulation results or by editing the "By Resource Type -> I/Os" view           |
| Internal nodes activity     | Medium     | User specified less than 25% of internal nodes         | Provide missing internal nodes activity with simulation results or by editing the "By Resource Type" views         |
| Device models               | High       | Device models are Production                           |                                                                                                                    |
|                             |            |                                                        |                                                                                                                    |
| Overall confidence level    | Low        |                                                        |                                                                                                                    |
+-----------------------------+------------+--------------------------------------------------------+--------------------------------------------------------------------------------------------------------------------+


2. Settings
-----------

2.1 Environment
---------------

+-----------------------+--------------------------+
| Ambient Temp (C)      | 25.0                     |
| ThetaJA (C/W)         | 5.0                      |
| Airflow (LFM)         | 250                      |
| Heat Sink             | medium (Medium Profile)  |
| ThetaSA (C/W)         | 4.6                      |
| Board Selection       | medium (10"x10")         |
| # of Board Layers     | 12to15 (12 to 15 Layers) |
| Board Temperature (C) | 25.0                     |
+-----------------------+--------------------------+


2.2 Clock Constraints
---------------------

+-------+--------+-----------------+
| Clock | Domain | Constraint (ns) |
+-------+--------+-----------------+


3. Detailed Reports
-------------------

3.1 By Hierarchy
----------------

+----------------------------------------------+-----------+
| Name                                         | Power (W) |
+----------------------------------------------+-----------+
| top                                          |    20.836 |
|   KeyboardCtrl_0                             |     0.845 |
|     inst                                     |     0.843 |
|       inst                                   |     0.843 |
|         Ps2Interface_i                       |     0.794 |
|           IOBUF_inst_0                       |     0.276 |
|           IOBUF_inst_1                       |     0.079 |
|     op                                       |     0.000 |
|   b_player                                   |     1.820 |
|   blk_mem_gen_0_inst                         |     5.795 |
|     U0                                       |     5.795 |
|       inst_blk_mem_gen                       |     5.795 |
|         gnbram.gnativebmg.native_blk_mem_gen |     5.795 |
|           valid.cstr                         |     5.795 |
|             bindec_a.bindec_inst_a           |     0.006 |
|             has_mux_a.A                      |     0.187 |
|             ramloop[0].ram.r                 |     1.592 |
|               prim_init.ram                  |     1.592 |
|             ramloop[10].ram.r                |     0.031 |
|               prim_init.ram                  |     0.031 |
|             ramloop[11].ram.r                |     0.031 |
|               prim_init.ram                  |     0.031 |
|             ramloop[12].ram.r                |     0.013 |
|               prim_init.ram                  |     0.013 |
|             ramloop[13].ram.r                |     0.060 |
|               prim_init.ram                  |     0.060 |
|             ramloop[14].ram.r                |     0.026 |
|               prim_init.ram                  |     0.026 |
|             ramloop[15].ram.r                |     0.025 |
|               prim_init.ram                  |     0.025 |
|             ramloop[16].ram.r                |     0.011 |
|               prim_init.ram                  |     0.011 |
|             ramloop[17].ram.r                |     0.017 |
|               prim_init.ram                  |     0.017 |
|             ramloop[18].ram.r                |     0.008 |
|               prim_init.ram                  |     0.008 |
|             ramloop[19].ram.r                |     0.007 |
|               prim_init.ram                  |     0.007 |
|             ramloop[1].ram.r                 |     0.002 |
|               prim_init.ram                  |     0.002 |
|             ramloop[20].ram.r                |     0.003 |
|               prim_init.ram                  |     0.003 |
|             ramloop[21].ram.r                |     0.002 |
|               prim_init.ram                  |     0.002 |
|             ramloop[22].ram.r                |     0.001 |
|               prim_init.ram                  |     0.001 |
|             ramloop[23].ram.r                |    <0.001 |
|               prim_init.ram                  |    <0.001 |
|             ramloop[2].ram.r                 |     1.588 |
|               prim_init.ram                  |     1.588 |
|             ramloop[3].ram.r                 |     0.002 |
|               prim_init.ram                  |     0.002 |
|             ramloop[4].ram.r                 |     1.587 |
|               prim_init.ram                  |     1.587 |
|             ramloop[5].ram.r                 |     0.261 |
|               prim_init.ram                  |     0.261 |
|             ramloop[6].ram.r                 |     0.110 |
|               prim_init.ram                  |     0.110 |
|             ramloop[7].ram.r                 |     0.110 |
|               prim_init.ram                  |     0.110 |
|             ramloop[8].ram.r                 |     0.046 |
|               prim_init.ram                  |     0.046 |
|             ramloop[9].ram.r                 |     0.068 |
|               prim_init.ram                  |     0.068 |
|   clk_wiz_0_inst                             |     0.113 |
|   control                                    |     0.000 |
|   mem_addr_gen_inst                          |     3.834 |
|   place                                      |     0.000 |
|   pos                                        |     0.000 |
|   vga_inst                                   |     1.744 |
|   w_player                                   |     1.554 |
+----------------------------------------------+-----------+


