Copyright 1986-2016 Xilinx, Inc. All Rights Reserved.
-----------------------------------------------------------------------------------------------------------------------------------------------
| Tool Version : Vivado v.2016.2 (win64) Build 1577090 Thu Jun  2 16:32:40 MDT 2016
| Date         : Thu Jun 21 02:48:54 2018
| Host         : DESKTOP-C7OAI1J running 64-bit major release  (build 9200)
| Command      : report_timing_summary -warn_on_violation -max_paths 10 -file top_timing_summary_routed.rpt -rpx top_timing_summary_routed.rpx
| Design       : top
| Device       : 7a35t-cpg236
| Speed File   : -1  PRODUCTION 1.14 2014-09-11
-----------------------------------------------------------------------------------------------------------------------------------------------

Timing Summary Report

------------------------------------------------------------------------------------------------
| Timer Settings
| --------------
------------------------------------------------------------------------------------------------

  Enable Multi Corner Analysis               :  Yes
  Enable Pessimism Removal                   :  Yes
  Pessimism Removal Resolution               :  Nearest Common Node
  Enable Input Delay Default Clock           :  No
  Enable Preset / Clear Arcs                 :  No
  Disable Flight Delays                      :  No
  Ignore I/O Paths                           :  No
  Timing Early Launch at Borrowing Latches   :  false

  Corner  Analyze    Analyze    
  Name    Max Paths  Min Paths  
  ------  ---------  ---------  
  Slow    Yes        Yes        
  Fast    Yes        Yes        



check_timing report

Table of Contents
-----------------
1. checking no_clock
2. checking constant_clock
3. checking pulse_width_clock
4. checking unconstrained_internal_endpoints
5. checking no_input_delay
6. checking no_output_delay
7. checking multiple_clock
8. checking generated_clocks
9. checking loops
10. checking partial_input_delay
11. checking partial_output_delay
12. checking latch_loops

1. checking no_clock
--------------------
 There are 470 register/latch pins with no clock driven by root clock pin: clk (HIGH)

 There are 166 register/latch pins with no clock driven by root clock pin: KeyboardCtrl_0/key_down_reg[0]/C (HIGH)

 There are 166 register/latch pins with no clock driven by root clock pin: KeyboardCtrl_0/key_down_reg[100]/C (HIGH)

 There are 166 register/latch pins with no clock driven by root clock pin: KeyboardCtrl_0/key_down_reg[101]/C (HIGH)

 There are 166 register/latch pins with no clock driven by root clock pin: KeyboardCtrl_0/key_down_reg[102]/C (HIGH)

 There are 166 register/latch pins with no clock driven by root clock pin: KeyboardCtrl_0/key_down_reg[103]/C (HIGH)

 There are 166 register/latch pins with no clock driven by root clock pin: KeyboardCtrl_0/key_down_reg[104]/C (HIGH)

 There are 166 register/latch pins with no clock driven by root clock pin: KeyboardCtrl_0/key_down_reg[105]/C (HIGH)

 There are 166 register/latch pins with no clock driven by root clock pin: KeyboardCtrl_0/key_down_reg[106]/C (HIGH)

 There are 166 register/latch pins with no clock driven by root clock pin: KeyboardCtrl_0/key_down_reg[107]/C (HIGH)

 There are 166 register/latch pins with no clock driven by root clock pin: KeyboardCtrl_0/key_down_reg[108]/C (HIGH)

 There are 166 register/latch pins with no clock driven by root clock pin: KeyboardCtrl_0/key_down_reg[109]/C (HIGH)

 There are 166 register/latch pins with no clock driven by root clock pin: KeyboardCtrl_0/key_down_reg[10]/C (HIGH)

 There are 166 register/latch pins with no clock driven by root clock pin: KeyboardCtrl_0/key_down_reg[110]/C (HIGH)

 There are 166 register/latch pins with no clock driven by root clock pin: KeyboardCtrl_0/key_down_reg[111]/C (HIGH)

 There are 166 register/latch pins with no clock driven by root clock pin: KeyboardCtrl_0/key_down_reg[112]/C (HIGH)

 There are 166 register/latch pins with no clock driven by root clock pin: KeyboardCtrl_0/key_down_reg[113]/C (HIGH)

 There are 166 register/latch pins with no clock driven by root clock pin: KeyboardCtrl_0/key_down_reg[114]/C (HIGH)

 There are 166 register/latch pins with no clock driven by root clock pin: KeyboardCtrl_0/key_down_reg[115]/C (HIGH)

 There are 166 register/latch pins with no clock driven by root clock pin: KeyboardCtrl_0/key_down_reg[116]/C (HIGH)

 There are 166 register/latch pins with no clock driven by root clock pin: KeyboardCtrl_0/key_down_reg[117]/C (HIGH)

 There are 166 register/latch pins with no clock driven by root clock pin: KeyboardCtrl_0/key_down_reg[118]/C (HIGH)

 There are 166 register/latch pins with no clock driven by root clock pin: KeyboardCtrl_0/key_down_reg[119]/C (HIGH)

 There are 166 register/latch pins with no clock driven by root clock pin: KeyboardCtrl_0/key_down_reg[11]/C (HIGH)

 There are 166 register/latch pins with no clock driven by root clock pin: KeyboardCtrl_0/key_down_reg[120]/C (HIGH)

 There are 166 register/latch pins with no clock driven by root clock pin: KeyboardCtrl_0/key_down_reg[121]/C (HIGH)

 There are 166 register/latch pins with no clock driven by root clock pin: KeyboardCtrl_0/key_down_reg[122]/C (HIGH)

 There are 166 register/latch pins with no clock driven by root clock pin: KeyboardCtrl_0/key_down_reg[123]/C (HIGH)

 There are 166 register/latch pins with no clock driven by root clock pin: KeyboardCtrl_0/key_down_reg[124]/C (HIGH)

 There are 166 register/latch pins with no clock driven by root clock pin: KeyboardCtrl_0/key_down_reg[125]/C (HIGH)

 There are 166 register/latch pins with no clock driven by root clock pin: KeyboardCtrl_0/key_down_reg[126]/C (HIGH)

 There are 166 register/latch pins with no clock driven by root clock pin: KeyboardCtrl_0/key_down_reg[127]/C (HIGH)

 There are 166 register/latch pins with no clock driven by root clock pin: KeyboardCtrl_0/key_down_reg[12]/C (HIGH)

 There are 166 register/latch pins with no clock driven by root clock pin: KeyboardCtrl_0/key_down_reg[13]/C (HIGH)

 There are 166 register/latch pins with no clock driven by root clock pin: KeyboardCtrl_0/key_down_reg[14]/C (HIGH)

 There are 166 register/latch pins with no clock driven by root clock pin: KeyboardCtrl_0/key_down_reg[15]/C (HIGH)

 There are 166 register/latch pins with no clock driven by root clock pin: KeyboardCtrl_0/key_down_reg[16]/C (HIGH)

 There are 166 register/latch pins with no clock driven by root clock pin: KeyboardCtrl_0/key_down_reg[17]/C (HIGH)

 There are 166 register/latch pins with no clock driven by root clock pin: KeyboardCtrl_0/key_down_reg[18]/C (HIGH)

 There are 166 register/latch pins with no clock driven by root clock pin: KeyboardCtrl_0/key_down_reg[19]/C (HIGH)

 There are 166 register/latch pins with no clock driven by root clock pin: KeyboardCtrl_0/key_down_reg[1]/C (HIGH)

 There are 166 register/latch pins with no clock driven by root clock pin: KeyboardCtrl_0/key_down_reg[20]/C (HIGH)

 There are 166 register/latch pins with no clock driven by root clock pin: KeyboardCtrl_0/key_down_reg[21]/C (HIGH)

 There are 166 register/latch pins with no clock driven by root clock pin: KeyboardCtrl_0/key_down_reg[22]/C (HIGH)

 There are 166 register/latch pins with no clock driven by root clock pin: KeyboardCtrl_0/key_down_reg[23]/C (HIGH)

 There are 166 register/latch pins with no clock driven by root clock pin: KeyboardCtrl_0/key_down_reg[24]/C (HIGH)

 There are 166 register/latch pins with no clock driven by root clock pin: KeyboardCtrl_0/key_down_reg[25]/C (HIGH)

 There are 166 register/latch pins with no clock driven by root clock pin: KeyboardCtrl_0/key_down_reg[26]/C (HIGH)

 There are 166 register/latch pins with no clock driven by root clock pin: KeyboardCtrl_0/key_down_reg[27]/C (HIGH)

 There are 166 register/latch pins with no clock driven by root clock pin: KeyboardCtrl_0/key_down_reg[28]/C (HIGH)

 There are 166 register/latch pins with no clock driven by root clock pin: KeyboardCtrl_0/key_down_reg[29]/C (HIGH)

 There are 166 register/latch pins with no clock driven by root clock pin: KeyboardCtrl_0/key_down_reg[2]/C (HIGH)

 There are 166 register/latch pins with no clock driven by root clock pin: KeyboardCtrl_0/key_down_reg[30]/C (HIGH)

 There are 166 register/latch pins with no clock driven by root clock pin: KeyboardCtrl_0/key_down_reg[31]/C (HIGH)

 There are 166 register/latch pins with no clock driven by root clock pin: KeyboardCtrl_0/key_down_reg[32]/C (HIGH)

 There are 166 register/latch pins with no clock driven by root clock pin: KeyboardCtrl_0/key_down_reg[33]/C (HIGH)

 There are 166 register/latch pins with no clock driven by root clock pin: KeyboardCtrl_0/key_down_reg[34]/C (HIGH)

 There are 166 register/latch pins with no clock driven by root clock pin: KeyboardCtrl_0/key_down_reg[35]/C (HIGH)

 There are 166 register/latch pins with no clock driven by root clock pin: KeyboardCtrl_0/key_down_reg[36]/C (HIGH)

 There are 166 register/latch pins with no clock driven by root clock pin: KeyboardCtrl_0/key_down_reg[37]/C (HIGH)

 There are 166 register/latch pins with no clock driven by root clock pin: KeyboardCtrl_0/key_down_reg[38]/C (HIGH)

 There are 166 register/latch pins with no clock driven by root clock pin: KeyboardCtrl_0/key_down_reg[39]/C (HIGH)

 There are 166 register/latch pins with no clock driven by root clock pin: KeyboardCtrl_0/key_down_reg[3]/C (HIGH)

 There are 166 register/latch pins with no clock driven by root clock pin: KeyboardCtrl_0/key_down_reg[40]/C (HIGH)

 There are 166 register/latch pins with no clock driven by root clock pin: KeyboardCtrl_0/key_down_reg[41]/C (HIGH)

 There are 166 register/latch pins with no clock driven by root clock pin: KeyboardCtrl_0/key_down_reg[42]/C (HIGH)

 There are 166 register/latch pins with no clock driven by root clock pin: KeyboardCtrl_0/key_down_reg[43]/C (HIGH)

 There are 166 register/latch pins with no clock driven by root clock pin: KeyboardCtrl_0/key_down_reg[44]/C (HIGH)

 There are 166 register/latch pins with no clock driven by root clock pin: KeyboardCtrl_0/key_down_reg[45]/C (HIGH)

 There are 166 register/latch pins with no clock driven by root clock pin: KeyboardCtrl_0/key_down_reg[46]/C (HIGH)

 There are 166 register/latch pins with no clock driven by root clock pin: KeyboardCtrl_0/key_down_reg[47]/C (HIGH)

 There are 166 register/latch pins with no clock driven by root clock pin: KeyboardCtrl_0/key_down_reg[48]/C (HIGH)

 There are 166 register/latch pins with no clock driven by root clock pin: KeyboardCtrl_0/key_down_reg[49]/C (HIGH)

 There are 166 register/latch pins with no clock driven by root clock pin: KeyboardCtrl_0/key_down_reg[4]/C (HIGH)

 There are 166 register/latch pins with no clock driven by root clock pin: KeyboardCtrl_0/key_down_reg[50]/C (HIGH)

 There are 166 register/latch pins with no clock driven by root clock pin: KeyboardCtrl_0/key_down_reg[51]/C (HIGH)

 There are 166 register/latch pins with no clock driven by root clock pin: KeyboardCtrl_0/key_down_reg[52]/C (HIGH)

 There are 166 register/latch pins with no clock driven by root clock pin: KeyboardCtrl_0/key_down_reg[53]/C (HIGH)

 There are 166 register/latch pins with no clock driven by root clock pin: KeyboardCtrl_0/key_down_reg[54]/C (HIGH)

 There are 166 register/latch pins with no clock driven by root clock pin: KeyboardCtrl_0/key_down_reg[55]/C (HIGH)

 There are 166 register/latch pins with no clock driven by root clock pin: KeyboardCtrl_0/key_down_reg[56]/C (HIGH)

 There are 166 register/latch pins with no clock driven by root clock pin: KeyboardCtrl_0/key_down_reg[57]/C (HIGH)

 There are 166 register/latch pins with no clock driven by root clock pin: KeyboardCtrl_0/key_down_reg[58]/C (HIGH)

 There are 166 register/latch pins with no clock driven by root clock pin: KeyboardCtrl_0/key_down_reg[59]/C (HIGH)

 There are 166 register/latch pins with no clock driven by root clock pin: KeyboardCtrl_0/key_down_reg[5]/C (HIGH)

 There are 166 register/latch pins with no clock driven by root clock pin: KeyboardCtrl_0/key_down_reg[60]/C (HIGH)

 There are 166 register/latch pins with no clock driven by root clock pin: KeyboardCtrl_0/key_down_reg[61]/C (HIGH)

 There are 166 register/latch pins with no clock driven by root clock pin: KeyboardCtrl_0/key_down_reg[62]/C (HIGH)

 There are 166 register/latch pins with no clock driven by root clock pin: KeyboardCtrl_0/key_down_reg[63]/C (HIGH)

 There are 166 register/latch pins with no clock driven by root clock pin: KeyboardCtrl_0/key_down_reg[64]/C (HIGH)

 There are 166 register/latch pins with no clock driven by root clock pin: KeyboardCtrl_0/key_down_reg[65]/C (HIGH)

 There are 166 register/latch pins with no clock driven by root clock pin: KeyboardCtrl_0/key_down_reg[66]/C (HIGH)

 There are 166 register/latch pins with no clock driven by root clock pin: KeyboardCtrl_0/key_down_reg[67]/C (HIGH)

 There are 166 register/latch pins with no clock driven by root clock pin: KeyboardCtrl_0/key_down_reg[68]/C (HIGH)

 There are 166 register/latch pins with no clock driven by root clock pin: KeyboardCtrl_0/key_down_reg[69]/C (HIGH)

 There are 166 register/latch pins with no clock driven by root clock pin: KeyboardCtrl_0/key_down_reg[6]/C (HIGH)

 There are 166 register/latch pins with no clock driven by root clock pin: KeyboardCtrl_0/key_down_reg[70]/C (HIGH)

 There are 166 register/latch pins with no clock driven by root clock pin: KeyboardCtrl_0/key_down_reg[71]/C (HIGH)

 There are 166 register/latch pins with no clock driven by root clock pin: KeyboardCtrl_0/key_down_reg[72]/C (HIGH)

 There are 166 register/latch pins with no clock driven by root clock pin: KeyboardCtrl_0/key_down_reg[73]/C (HIGH)

 There are 166 register/latch pins with no clock driven by root clock pin: KeyboardCtrl_0/key_down_reg[74]/C (HIGH)

 There are 166 register/latch pins with no clock driven by root clock pin: KeyboardCtrl_0/key_down_reg[75]/C (HIGH)

 There are 166 register/latch pins with no clock driven by root clock pin: KeyboardCtrl_0/key_down_reg[76]/C (HIGH)

 There are 166 register/latch pins with no clock driven by root clock pin: KeyboardCtrl_0/key_down_reg[77]/C (HIGH)

 There are 166 register/latch pins with no clock driven by root clock pin: KeyboardCtrl_0/key_down_reg[78]/C (HIGH)

 There are 166 register/latch pins with no clock driven by root clock pin: KeyboardCtrl_0/key_down_reg[79]/C (HIGH)

 There are 166 register/latch pins with no clock driven by root clock pin: KeyboardCtrl_0/key_down_reg[7]/C (HIGH)

 There are 166 register/latch pins with no clock driven by root clock pin: KeyboardCtrl_0/key_down_reg[80]/C (HIGH)

 There are 166 register/latch pins with no clock driven by root clock pin: KeyboardCtrl_0/key_down_reg[81]/C (HIGH)

 There are 166 register/latch pins with no clock driven by root clock pin: KeyboardCtrl_0/key_down_reg[82]/C (HIGH)

 There are 166 register/latch pins with no clock driven by root clock pin: KeyboardCtrl_0/key_down_reg[83]/C (HIGH)

 There are 166 register/latch pins with no clock driven by root clock pin: KeyboardCtrl_0/key_down_reg[84]/C (HIGH)

 There are 166 register/latch pins with no clock driven by root clock pin: KeyboardCtrl_0/key_down_reg[85]/C (HIGH)

 There are 166 register/latch pins with no clock driven by root clock pin: KeyboardCtrl_0/key_down_reg[86]/C (HIGH)

 There are 166 register/latch pins with no clock driven by root clock pin: KeyboardCtrl_0/key_down_reg[87]/C (HIGH)

 There are 166 register/latch pins with no clock driven by root clock pin: KeyboardCtrl_0/key_down_reg[88]/C (HIGH)

 There are 166 register/latch pins with no clock driven by root clock pin: KeyboardCtrl_0/key_down_reg[89]/C (HIGH)

 There are 166 register/latch pins with no clock driven by root clock pin: KeyboardCtrl_0/key_down_reg[8]/C (HIGH)

 There are 166 register/latch pins with no clock driven by root clock pin: KeyboardCtrl_0/key_down_reg[90]/C (HIGH)

 There are 166 register/latch pins with no clock driven by root clock pin: KeyboardCtrl_0/key_down_reg[91]/C (HIGH)

 There are 166 register/latch pins with no clock driven by root clock pin: KeyboardCtrl_0/key_down_reg[92]/C (HIGH)

 There are 166 register/latch pins with no clock driven by root clock pin: KeyboardCtrl_0/key_down_reg[93]/C (HIGH)

 There are 166 register/latch pins with no clock driven by root clock pin: KeyboardCtrl_0/key_down_reg[94]/C (HIGH)

 There are 166 register/latch pins with no clock driven by root clock pin: KeyboardCtrl_0/key_down_reg[95]/C (HIGH)

 There are 166 register/latch pins with no clock driven by root clock pin: KeyboardCtrl_0/key_down_reg[96]/C (HIGH)

 There are 166 register/latch pins with no clock driven by root clock pin: KeyboardCtrl_0/key_down_reg[97]/C (HIGH)

 There are 166 register/latch pins with no clock driven by root clock pin: KeyboardCtrl_0/key_down_reg[98]/C (HIGH)

 There are 166 register/latch pins with no clock driven by root clock pin: KeyboardCtrl_0/key_down_reg[99]/C (HIGH)

 There are 166 register/latch pins with no clock driven by root clock pin: KeyboardCtrl_0/key_down_reg[9]/C (HIGH)

 There are 166 register/latch pins with no clock driven by root clock pin: KeyboardCtrl_0/key_reg[0]/C (HIGH)

 There are 166 register/latch pins with no clock driven by root clock pin: KeyboardCtrl_0/key_reg[0]_rep/C (HIGH)

 There are 166 register/latch pins with no clock driven by root clock pin: KeyboardCtrl_0/key_reg[1]/C (HIGH)

 There are 166 register/latch pins with no clock driven by root clock pin: KeyboardCtrl_0/key_reg[2]/C (HIGH)

 There are 166 register/latch pins with no clock driven by root clock pin: KeyboardCtrl_0/key_reg[3]/C (HIGH)

 There are 166 register/latch pins with no clock driven by root clock pin: KeyboardCtrl_0/key_reg[4]/C (HIGH)

 There are 166 register/latch pins with no clock driven by root clock pin: KeyboardCtrl_0/key_reg[5]/C (HIGH)

 There are 166 register/latch pins with no clock driven by root clock pin: KeyboardCtrl_0/key_reg[6]/C (HIGH)

 There are 166 register/latch pins with no clock driven by root clock pin: KeyboardCtrl_0/key_reg[7]/C (HIGH)

 There are 166 register/latch pins with no clock driven by root clock pin: KeyboardCtrl_0/key_reg[9]/C (HIGH)

 There are 166 register/latch pins with no clock driven by root clock pin: KeyboardCtrl_0/key_valid_reg/C (HIGH)

 There are 12 register/latch pins with no clock driven by root clock pin: clk_wiz_0_inst/b_clk_reg/C (HIGH)

 There are 84 register/latch pins with no clock driven by root clock pin: clk_wiz_0_inst/num_reg[1]/C (HIGH)

 There are 12 register/latch pins with no clock driven by root clock pin: clk_wiz_0_inst/w_clk_reg/C (HIGH)

 There are 82 register/latch pins with no clock driven by root clock pin: place/board_valid_reg[0]/C (HIGH)

 There are 82 register/latch pins with no clock driven by root clock pin: place/board_valid_reg[10]/C (HIGH)

 There are 82 register/latch pins with no clock driven by root clock pin: place/board_valid_reg[11]/C (HIGH)

 There are 82 register/latch pins with no clock driven by root clock pin: place/board_valid_reg[12]/C (HIGH)

 There are 82 register/latch pins with no clock driven by root clock pin: place/board_valid_reg[13]/C (HIGH)

 There are 82 register/latch pins with no clock driven by root clock pin: place/board_valid_reg[14]/C (HIGH)

 There are 82 register/latch pins with no clock driven by root clock pin: place/board_valid_reg[15]/C (HIGH)

 There are 82 register/latch pins with no clock driven by root clock pin: place/board_valid_reg[16]/C (HIGH)

 There are 82 register/latch pins with no clock driven by root clock pin: place/board_valid_reg[17]/C (HIGH)

 There are 82 register/latch pins with no clock driven by root clock pin: place/board_valid_reg[18]/C (HIGH)

 There are 82 register/latch pins with no clock driven by root clock pin: place/board_valid_reg[19]/C (HIGH)

 There are 82 register/latch pins with no clock driven by root clock pin: place/board_valid_reg[1]/C (HIGH)

 There are 82 register/latch pins with no clock driven by root clock pin: place/board_valid_reg[20]/C (HIGH)

 There are 82 register/latch pins with no clock driven by root clock pin: place/board_valid_reg[21]/C (HIGH)

 There are 82 register/latch pins with no clock driven by root clock pin: place/board_valid_reg[22]/C (HIGH)

 There are 82 register/latch pins with no clock driven by root clock pin: place/board_valid_reg[23]/C (HIGH)

 There are 82 register/latch pins with no clock driven by root clock pin: place/board_valid_reg[24]/C (HIGH)

 There are 82 register/latch pins with no clock driven by root clock pin: place/board_valid_reg[25]/C (HIGH)

 There are 82 register/latch pins with no clock driven by root clock pin: place/board_valid_reg[26]/C (HIGH)

 There are 82 register/latch pins with no clock driven by root clock pin: place/board_valid_reg[27]/C (HIGH)

 There are 82 register/latch pins with no clock driven by root clock pin: place/board_valid_reg[28]/C (HIGH)

 There are 82 register/latch pins with no clock driven by root clock pin: place/board_valid_reg[29]/C (HIGH)

 There are 82 register/latch pins with no clock driven by root clock pin: place/board_valid_reg[2]/C (HIGH)

 There are 82 register/latch pins with no clock driven by root clock pin: place/board_valid_reg[30]/C (HIGH)

 There are 82 register/latch pins with no clock driven by root clock pin: place/board_valid_reg[31]/C (HIGH)

 There are 82 register/latch pins with no clock driven by root clock pin: place/board_valid_reg[32]/C (HIGH)

 There are 82 register/latch pins with no clock driven by root clock pin: place/board_valid_reg[33]/C (HIGH)

 There are 82 register/latch pins with no clock driven by root clock pin: place/board_valid_reg[34]/C (HIGH)

 There are 82 register/latch pins with no clock driven by root clock pin: place/board_valid_reg[35]/C (HIGH)

 There are 82 register/latch pins with no clock driven by root clock pin: place/board_valid_reg[36]/C (HIGH)

 There are 82 register/latch pins with no clock driven by root clock pin: place/board_valid_reg[37]/C (HIGH)

 There are 82 register/latch pins with no clock driven by root clock pin: place/board_valid_reg[38]/C (HIGH)

 There are 82 register/latch pins with no clock driven by root clock pin: place/board_valid_reg[39]/C (HIGH)

 There are 82 register/latch pins with no clock driven by root clock pin: place/board_valid_reg[3]/C (HIGH)

 There are 82 register/latch pins with no clock driven by root clock pin: place/board_valid_reg[40]/C (HIGH)

 There are 82 register/latch pins with no clock driven by root clock pin: place/board_valid_reg[41]/C (HIGH)

 There are 82 register/latch pins with no clock driven by root clock pin: place/board_valid_reg[42]/C (HIGH)

 There are 82 register/latch pins with no clock driven by root clock pin: place/board_valid_reg[43]/C (HIGH)

 There are 82 register/latch pins with no clock driven by root clock pin: place/board_valid_reg[44]/C (HIGH)

 There are 82 register/latch pins with no clock driven by root clock pin: place/board_valid_reg[45]/C (HIGH)

 There are 82 register/latch pins with no clock driven by root clock pin: place/board_valid_reg[46]/C (HIGH)

 There are 82 register/latch pins with no clock driven by root clock pin: place/board_valid_reg[47]/C (HIGH)

 There are 82 register/latch pins with no clock driven by root clock pin: place/board_valid_reg[48]/C (HIGH)

 There are 82 register/latch pins with no clock driven by root clock pin: place/board_valid_reg[49]/C (HIGH)

 There are 82 register/latch pins with no clock driven by root clock pin: place/board_valid_reg[4]/C (HIGH)

 There are 82 register/latch pins with no clock driven by root clock pin: place/board_valid_reg[50]/C (HIGH)

 There are 82 register/latch pins with no clock driven by root clock pin: place/board_valid_reg[51]/C (HIGH)

 There are 82 register/latch pins with no clock driven by root clock pin: place/board_valid_reg[52]/C (HIGH)

 There are 82 register/latch pins with no clock driven by root clock pin: place/board_valid_reg[53]/C (HIGH)

 There are 82 register/latch pins with no clock driven by root clock pin: place/board_valid_reg[54]/C (HIGH)

 There are 82 register/latch pins with no clock driven by root clock pin: place/board_valid_reg[55]/C (HIGH)

 There are 82 register/latch pins with no clock driven by root clock pin: place/board_valid_reg[56]/C (HIGH)

 There are 82 register/latch pins with no clock driven by root clock pin: place/board_valid_reg[57]/C (HIGH)

 There are 82 register/latch pins with no clock driven by root clock pin: place/board_valid_reg[58]/C (HIGH)

 There are 82 register/latch pins with no clock driven by root clock pin: place/board_valid_reg[59]/C (HIGH)

 There are 82 register/latch pins with no clock driven by root clock pin: place/board_valid_reg[5]/C (HIGH)

 There are 82 register/latch pins with no clock driven by root clock pin: place/board_valid_reg[60]/C (HIGH)

 There are 82 register/latch pins with no clock driven by root clock pin: place/board_valid_reg[61]/C (HIGH)

 There are 82 register/latch pins with no clock driven by root clock pin: place/board_valid_reg[62]/C (HIGH)

 There are 82 register/latch pins with no clock driven by root clock pin: place/board_valid_reg[63]/C (HIGH)

 There are 82 register/latch pins with no clock driven by root clock pin: place/board_valid_reg[64]/C (HIGH)

 There are 82 register/latch pins with no clock driven by root clock pin: place/board_valid_reg[65]/C (HIGH)

 There are 82 register/latch pins with no clock driven by root clock pin: place/board_valid_reg[66]/C (HIGH)

 There are 82 register/latch pins with no clock driven by root clock pin: place/board_valid_reg[67]/C (HIGH)

 There are 82 register/latch pins with no clock driven by root clock pin: place/board_valid_reg[68]/C (HIGH)

 There are 82 register/latch pins with no clock driven by root clock pin: place/board_valid_reg[69]/C (HIGH)

 There are 82 register/latch pins with no clock driven by root clock pin: place/board_valid_reg[6]/C (HIGH)

 There are 82 register/latch pins with no clock driven by root clock pin: place/board_valid_reg[70]/C (HIGH)

 There are 82 register/latch pins with no clock driven by root clock pin: place/board_valid_reg[71]/C (HIGH)

 There are 82 register/latch pins with no clock driven by root clock pin: place/board_valid_reg[72]/C (HIGH)

 There are 82 register/latch pins with no clock driven by root clock pin: place/board_valid_reg[73]/C (HIGH)

 There are 82 register/latch pins with no clock driven by root clock pin: place/board_valid_reg[74]/C (HIGH)

 There are 82 register/latch pins with no clock driven by root clock pin: place/board_valid_reg[75]/C (HIGH)

 There are 82 register/latch pins with no clock driven by root clock pin: place/board_valid_reg[76]/C (HIGH)

 There are 82 register/latch pins with no clock driven by root clock pin: place/board_valid_reg[77]/C (HIGH)

 There are 82 register/latch pins with no clock driven by root clock pin: place/board_valid_reg[78]/C (HIGH)

 There are 82 register/latch pins with no clock driven by root clock pin: place/board_valid_reg[79]/C (HIGH)

 There are 82 register/latch pins with no clock driven by root clock pin: place/board_valid_reg[7]/C (HIGH)

 There are 82 register/latch pins with no clock driven by root clock pin: place/board_valid_reg[80]/C (HIGH)

 There are 82 register/latch pins with no clock driven by root clock pin: place/board_valid_reg[81]/C (HIGH)

 There are 82 register/latch pins with no clock driven by root clock pin: place/board_valid_reg[8]/C (HIGH)

 There are 82 register/latch pins with no clock driven by root clock pin: place/board_valid_reg[9]/C (HIGH)

 There are 164 register/latch pins with no clock driven by root clock pin: place/turn_reg[0]/C (HIGH)

 There are 164 register/latch pins with no clock driven by root clock pin: place/turn_reg[1]/C (HIGH)

 There are 82 register/latch pins with no clock driven by root clock pin: pos/position_x_reg[0]/C (HIGH)

 There are 82 register/latch pins with no clock driven by root clock pin: pos/position_x_reg[1]/C (HIGH)

 There are 82 register/latch pins with no clock driven by root clock pin: pos/position_x_reg[2]/C (HIGH)

 There are 82 register/latch pins with no clock driven by root clock pin: pos/position_x_reg[3]/C (HIGH)

 There are 82 register/latch pins with no clock driven by root clock pin: pos/position_y_reg[0]/C (HIGH)

 There are 82 register/latch pins with no clock driven by root clock pin: pos/position_y_reg[1]/C (HIGH)

 There are 82 register/latch pins with no clock driven by root clock pin: pos/position_y_reg[2]/C (HIGH)

 There are 82 register/latch pins with no clock driven by root clock pin: pos/position_y_reg[3]/C (HIGH)

 There are 82 register/latch pins with no clock driven by root clock pin: who_win/winner_reg[0]/C (HIGH)

 There are 82 register/latch pins with no clock driven by root clock pin: who_win/winner_reg[1]/C (HIGH)


2. checking constant_clock
--------------------------
 There are 0 register/latch pins with constant_clock.


3. checking pulse_width_clock
-----------------------------
 There are 0 register/latch pins which need pulse_width check


4. checking unconstrained_internal_endpoints
--------------------------------------------
 There are 2033 pins that are not constrained for maximum delay. (HIGH)

 There are 0 pins that are not constrained for maximum delay due to constant clock.


5. checking no_input_delay
--------------------------
 There are 3 input ports with no input delay specified. (HIGH)

 There are 0 input ports with no input delay but user has a false path constraint.


6. checking no_output_delay
---------------------------
 There are 16 ports with no output delay specified. (HIGH)

 There are 0 ports with no output delay but user has a false path constraint

 There are 0 ports with no output delay but with a timing clock defined on it or propagating through it


7. checking multiple_clock
--------------------------
 There are 0 register/latch pins with multiple clocks.


8. checking generated_clocks
----------------------------
 There are 0 generated clocks that are not connected to a clock source.


9. checking loops
-----------------
 There are 0 combinational loops in the design.


10. checking partial_input_delay
--------------------------------
 There are 0 input ports with partial input delay specified.


11. checking partial_output_delay
---------------------------------
 There are 0 ports with partial output delay specified.


12. checking latch_loops
------------------------
 There are 0 combinational latch loops in the design through latch input



------------------------------------------------------------------------------------------------
| Design Timing Summary
| ---------------------
------------------------------------------------------------------------------------------------

    WNS(ns)      TNS(ns)  TNS Failing Endpoints  TNS Total Endpoints      WHS(ns)      THS(ns)  THS Failing Endpoints  THS Total Endpoints     WPWS(ns)     TPWS(ns)  TPWS Failing Endpoints  TPWS Total Endpoints  
    -------      -------  ---------------------  -------------------      -------      -------  ---------------------  -------------------     --------     --------  ----------------------  --------------------  
         NA           NA                     NA                   NA           NA           NA                     NA                   NA           NA           NA                      NA                    NA  


There are no user specified timing constraints.


------------------------------------------------------------------------------------------------
| Clock Summary
| -------------
------------------------------------------------------------------------------------------------


------------------------------------------------------------------------------------------------
| Intra Clock Table
| -----------------
------------------------------------------------------------------------------------------------

Clock             WNS(ns)      TNS(ns)  TNS Failing Endpoints  TNS Total Endpoints      WHS(ns)      THS(ns)  THS Failing Endpoints  THS Total Endpoints     WPWS(ns)     TPWS(ns)  TPWS Failing Endpoints  TPWS Total Endpoints  
-----             -------      -------  ---------------------  -------------------      -------      -------  ---------------------  -------------------     --------     --------  ----------------------  --------------------  


------------------------------------------------------------------------------------------------
| Inter Clock Table
| -----------------
------------------------------------------------------------------------------------------------

From Clock    To Clock          WNS(ns)      TNS(ns)  TNS Failing Endpoints  TNS Total Endpoints      WHS(ns)      THS(ns)  THS Failing Endpoints  THS Total Endpoints  
----------    --------          -------      -------  ---------------------  -------------------      -------      -------  ---------------------  -------------------  


------------------------------------------------------------------------------------------------
| Other Path Groups Table
| -----------------------
------------------------------------------------------------------------------------------------

Path Group    From Clock    To Clock          WNS(ns)      TNS(ns)  TNS Failing Endpoints  TNS Total Endpoints      WHS(ns)      THS(ns)  THS Failing Endpoints  THS Total Endpoints  
----------    ----------    --------          -------      -------  ---------------------  -------------------      -------      -------  ---------------------  -------------------  


------------------------------------------------------------------------------------------------
| Timing Details
| --------------
------------------------------------------------------------------------------------------------


