
*** Running vivado
    with args -log top.vds -m64 -mode batch -messageDb vivado.pb -notrace -source top.tcl


****** Vivado v2016.2 (64-bit)
  **** SW Build 1577090 on Thu Jun  2 16:32:40 MDT 2016
  **** IP Build 1577682 on Fri Jun  3 12:00:54 MDT 2016
    ** Copyright 1986-2016 Xilinx, Inc. All Rights Reserved.

source top.tcl -notrace
Command: synth_design -top top -part xc7a35tcpg236-1
Starting synth_design
Attempting to get a license for feature 'Synthesis' and/or device 'xc7a35t'
INFO: [Common 17-349] Got license for feature 'Synthesis' and/or device 'xc7a35t'
INFO: Launching helper process for spawning children vivado processes
INFO: Helper process launched with PID 17144 
WARNING: [Synth 8-2611] redeclaration of ansi port position_x is not allowed [D:/Users/user/Desktop/1071/Verilog/final project/final_project/final_project.srcs/sources_1/new/select_ctl.v:33]
WARNING: [Synth 8-2611] redeclaration of ansi port position_y is not allowed [D:/Users/user/Desktop/1071/Verilog/final project/final_project/final_project.srcs/sources_1/new/select_ctl.v:33]
WARNING: [Synth 8-2611] redeclaration of ansi port turn is not allowed [D:/Users/user/Desktop/1071/Verilog/final project/final_project/final_project.srcs/sources_1/new/timer_ctl.v:31]
---------------------------------------------------------------------------------
Starting RTL Elaboration : Time (s): cpu = 00:00:04 ; elapsed = 00:00:07 . Memory (MB): peak = 284.184 ; gain = 77.418
---------------------------------------------------------------------------------
INFO: [Synth 8-638] synthesizing module 'top' [D:/Users/user/Desktop/1071/Verilog/final project/final_project/final_project.srcs/sources_1/new/top.v:1]
INFO: [Synth 8-638] synthesizing module 'clock_divisor' [D:/Users/user/Desktop/1071/Verilog/final project/final_project/final_project.srcs/sources_1/new/clock_divisor.v:2]
INFO: [Synth 8-256] done synthesizing module 'clock_divisor' (1#1) [D:/Users/user/Desktop/1071/Verilog/final project/final_project/final_project.srcs/sources_1/new/clock_divisor.v:2]
INFO: [Synth 8-638] synthesizing module 'KeyboardDecoder' [D:/Users/user/Desktop/1071/Verilog/final project/final_project/final_project.srcs/sources_1/new/KeyboardDecoder.v:1]
	Parameter INIT bound to: 2'b00 
	Parameter WAIT_FOR_SIGNAL bound to: 2'b01 
	Parameter GET_SIGNAL_DOWN bound to: 2'b10 
	Parameter WAIT_RELEASE bound to: 2'b11 
	Parameter IS_INIT bound to: 8'b10101010 
	Parameter IS_EXTEND bound to: 8'b11100000 
	Parameter IS_BREAK bound to: 8'b11110000 
INFO: [Synth 8-638] synthesizing module 'KeyboardCtrl_0' [D:/Users/user/Desktop/1071/Verilog/final project/final_project/final_project.runs/synth_1/.Xil/Vivado-14100-DESKTOP-C7OAI1J/realtime/KeyboardCtrl_0_stub.v:6]
INFO: [Synth 8-256] done synthesizing module 'KeyboardCtrl_0' (2#1) [D:/Users/user/Desktop/1071/Verilog/final project/final_project/final_project.runs/synth_1/.Xil/Vivado-14100-DESKTOP-C7OAI1J/realtime/KeyboardCtrl_0_stub.v:6]
INFO: [Synth 8-638] synthesizing module 'OnePulse' [D:/Users/user/Desktop/1071/Verilog/final project/final_project/final_project.srcs/sources_1/new/OnePulse.v:1]
INFO: [Synth 8-256] done synthesizing module 'OnePulse' (3#1) [D:/Users/user/Desktop/1071/Verilog/final project/final_project/final_project.srcs/sources_1/new/OnePulse.v:1]
INFO: [Synth 8-226] default block is never used [D:/Users/user/Desktop/1071/Verilog/final project/final_project/final_project.srcs/sources_1/new/KeyboardDecoder.v:64]
INFO: [Synth 8-256] done synthesizing module 'KeyboardDecoder' (4#1) [D:/Users/user/Desktop/1071/Verilog/final project/final_project/final_project.srcs/sources_1/new/KeyboardDecoder.v:1]
INFO: [Synth 8-638] synthesizing module 'vga_controller' [D:/Users/user/Desktop/1071/Verilog/final project/final_project/final_project.srcs/sources_1/new/vga.v:6]
INFO: [Synth 8-256] done synthesizing module 'vga_controller' (5#1) [D:/Users/user/Desktop/1071/Verilog/final project/final_project/final_project.srcs/sources_1/new/vga.v:6]
INFO: [Synth 8-638] synthesizing module 'blk_mem_gen_0' [D:/Users/user/Desktop/1071/Verilog/final project/final_project/final_project.runs/synth_1/.Xil/Vivado-14100-DESKTOP-C7OAI1J/realtime/blk_mem_gen_0_stub.v:6]
INFO: [Synth 8-256] done synthesizing module 'blk_mem_gen_0' (6#1) [D:/Users/user/Desktop/1071/Verilog/final project/final_project/final_project.runs/synth_1/.Xil/Vivado-14100-DESKTOP-C7OAI1J/realtime/blk_mem_gen_0_stub.v:6]
INFO: [Synth 8-638] synthesizing module 'mem_addr_gen' [D:/Users/user/Desktop/1071/Verilog/final project/final_project/final_project.srcs/sources_1/new/mem_addr_gen.v:23]
INFO: [Synth 8-256] done synthesizing module 'mem_addr_gen' (7#1) [D:/Users/user/Desktop/1071/Verilog/final project/final_project/final_project.srcs/sources_1/new/mem_addr_gen.v:23]
INFO: [Synth 8-638] synthesizing module 'down_counter' [D:/Users/user/Desktop/1071/Verilog/final project/final_project/final_project.srcs/sources_1/new/down_counter.v:23]
INFO: [Synth 8-256] done synthesizing module 'down_counter' (8#1) [D:/Users/user/Desktop/1071/Verilog/final project/final_project/final_project.srcs/sources_1/new/down_counter.v:23]
INFO: [Synth 8-638] synthesizing module 'timer_ctl' [D:/Users/user/Desktop/1071/Verilog/final project/final_project/final_project.srcs/sources_1/new/timer_ctl.v:23]
INFO: [Synth 8-256] done synthesizing module 'timer_ctl' (9#1) [D:/Users/user/Desktop/1071/Verilog/final project/final_project/final_project.srcs/sources_1/new/timer_ctl.v:23]
INFO: [Synth 8-638] synthesizing module 'select_ctl' [D:/Users/user/Desktop/1071/Verilog/final project/final_project/final_project.srcs/sources_1/new/select_ctl.v:23]
INFO: [Synth 8-256] done synthesizing module 'select_ctl' (10#1) [D:/Users/user/Desktop/1071/Verilog/final project/final_project/final_project.srcs/sources_1/new/select_ctl.v:23]
WARNING: [Synth 8-3848] Net data in module/entity top does not have driver. [D:/Users/user/Desktop/1071/Verilog/final project/final_project/final_project.srcs/sources_1/new/top.v:29]
INFO: [Synth 8-256] done synthesizing module 'top' (11#1) [D:/Users/user/Desktop/1071/Verilog/final project/final_project/final_project.srcs/sources_1/new/top.v:1]
---------------------------------------------------------------------------------
Finished RTL Elaboration : Time (s): cpu = 00:00:05 ; elapsed = 00:00:08 . Memory (MB): peak = 306.953 ; gain = 100.188
---------------------------------------------------------------------------------

Report Check Netlist: 
+------+------------------+-------+---------+-------+------------------+
|      |Item              |Errors |Warnings |Status |Description       |
+------+------------------+-------+---------+-------+------------------+
|1     |multi_driven_nets |      0|        0|Passed |Multi driven nets |
+------+------------------+-------+---------+-------+------------------+
---------------------------------------------------------------------------------
Finished RTL Optimization Phase 1 : Time (s): cpu = 00:00:05 ; elapsed = 00:00:08 . Memory (MB): peak = 306.953 ; gain = 100.188
---------------------------------------------------------------------------------
WARNING: [Project 1-486] Could not resolve non-primitive black box cell 'KeyboardCtrl_0' instantiated as 'KeyboardCtrl_0/inst' [D:/Users/user/Desktop/1071/Verilog/final project/final_project/final_project.srcs/sources_1/new/KeyboardDecoder.v:33]
WARNING: [Project 1-486] Could not resolve non-primitive black box cell 'blk_mem_gen_0' instantiated as 'blk_mem_gen_0_inst' [D:/Users/user/Desktop/1071/Verilog/final project/final_project/final_project.srcs/sources_1/new/top.v:63]
INFO: [Device 21-403] Loading part xc7a35tcpg236-1
INFO: [Project 1-570] Preparing netlist for logic optimization

Processing XDC Constraints
Initializing timing engine
Parsing XDC File [D:/Users/user/Desktop/1071/Verilog/final project/final_project/final_project.runs/synth_1/.Xil/Vivado-14100-DESKTOP-C7OAI1J/dcp/KeyboardCtrl_0_in_context.xdc] for cell 'KeyboardCtrl_0/inst'
Finished Parsing XDC File [D:/Users/user/Desktop/1071/Verilog/final project/final_project/final_project.runs/synth_1/.Xil/Vivado-14100-DESKTOP-C7OAI1J/dcp/KeyboardCtrl_0_in_context.xdc] for cell 'KeyboardCtrl_0/inst'
Parsing XDC File [D:/Users/user/Desktop/1071/Verilog/final project/final_project/final_project.runs/synth_1/.Xil/Vivado-14100-DESKTOP-C7OAI1J/dcp_2/blk_mem_gen_0_in_context.xdc] for cell 'blk_mem_gen_0_inst'
Finished Parsing XDC File [D:/Users/user/Desktop/1071/Verilog/final project/final_project/final_project.runs/synth_1/.Xil/Vivado-14100-DESKTOP-C7OAI1J/dcp_2/blk_mem_gen_0_in_context.xdc] for cell 'blk_mem_gen_0_inst'
Parsing XDC File [D:/Users/user/Desktop/1071/Verilog/final project/final_project/final_project.srcs/constrs_1/new/Basys3_Master.xdc]
Finished Parsing XDC File [D:/Users/user/Desktop/1071/Verilog/final project/final_project/final_project.srcs/constrs_1/new/Basys3_Master.xdc]
INFO: [Project 1-236] Implementation specific constraints were found while reading constraint file [D:/Users/user/Desktop/1071/Verilog/final project/final_project/final_project.srcs/constrs_1/new/Basys3_Master.xdc]. These constraints will be ignored for synthesis but will be used in implementation. Impacted constraints are listed in the file [.Xil/top_propImpl.xdc].
Resolution: To avoid this warning, move constraints listed in [.Xil/top_propImpl.xdc] to another XDC file and exclude this new file from synthesis with the used_in_synthesis property (File Properties dialog in GUI) and re-run elaboration/synthesis.
Completed Processing XDC Constraints

INFO: [Project 1-111] Unisim Transformation Summary:
No Unisim elements were transformed.

Constraint Validation Runtime : Time (s): cpu = 00:00:00 ; elapsed = 00:00:00.014 . Memory (MB): peak = 602.727 ; gain = 0.000
---------------------------------------------------------------------------------
Finished Constraint Validation : Time (s): cpu = 00:00:13 ; elapsed = 00:00:17 . Memory (MB): peak = 602.727 ; gain = 395.961
---------------------------------------------------------------------------------
---------------------------------------------------------------------------------
Start Loading Part and Timing Information
---------------------------------------------------------------------------------
Loading part: xc7a35tcpg236-1
---------------------------------------------------------------------------------
Finished Loading Part and Timing Information : Time (s): cpu = 00:00:13 ; elapsed = 00:00:17 . Memory (MB): peak = 602.727 ; gain = 395.961
---------------------------------------------------------------------------------
---------------------------------------------------------------------------------
Start Applying 'set_property' XDC Constraints
---------------------------------------------------------------------------------
Applied set_property IO_BUFFER_TYPE = NONE for PS2_CLK. (constraint file  {D:/Users/user/Desktop/1071/Verilog/final project/final_project/final_project.runs/synth_1/.Xil/Vivado-14100-DESKTOP-C7OAI1J/dcp/KeyboardCtrl_0_in_context.xdc}, line 1).
Applied set_property CLOCK_BUFFER_TYPE = NONE for PS2_CLK. (constraint file  {D:/Users/user/Desktop/1071/Verilog/final project/final_project/final_project.runs/synth_1/.Xil/Vivado-14100-DESKTOP-C7OAI1J/dcp/KeyboardCtrl_0_in_context.xdc}, line 2).
Applied set_property IO_BUFFER_TYPE = NONE for PS2_DATA. (constraint file  {D:/Users/user/Desktop/1071/Verilog/final project/final_project/final_project.runs/synth_1/.Xil/Vivado-14100-DESKTOP-C7OAI1J/dcp/KeyboardCtrl_0_in_context.xdc}, line 3).
Applied set_property CLOCK_BUFFER_TYPE = NONE for PS2_DATA. (constraint file  {D:/Users/user/Desktop/1071/Verilog/final project/final_project/final_project.runs/synth_1/.Xil/Vivado-14100-DESKTOP-C7OAI1J/dcp/KeyboardCtrl_0_in_context.xdc}, line 4).
---------------------------------------------------------------------------------
Finished applying 'set_property' XDC Constraints : Time (s): cpu = 00:00:13 ; elapsed = 00:00:17 . Memory (MB): peak = 602.727 ; gain = 395.961
---------------------------------------------------------------------------------
INFO: [Synth 8-5544] ROM "b_cnt" won't be mapped to Block RAM because address size (2) smaller than threshold (5)
INFO: [Synth 8-5544] ROM "w_cnt" won't be mapped to Block RAM because address size (2) smaller than threshold (5)
INFO: [Synth 8-5546] ROM "state" won't be mapped to RAM because it is too sparse
INFO: [Synth 8-5546] ROM "state" won't be mapped to RAM because it is too sparse
INFO: [Synth 8-5546] ROM "state" won't be mapped to RAM because it is too sparse
INFO: [Synth 8-5546] ROM "line_cnt" won't be mapped to RAM because it is too sparse
INFO: [Synth 8-5818] HDL ADVISOR - The operator resource <adder> is shared. To prevent sharing consider applying a KEEP on the output of the operator [D:/Users/user/Desktop/1071/Verilog/final project/final_project/final_project.srcs/sources_1/new/mem_addr_gen.v:139]
INFO: [Synth 8-5818] HDL ADVISOR - The operator resource <adder> is shared. To prevent sharing consider applying a KEEP on the output of the operator [D:/Users/user/Desktop/1071/Verilog/final project/final_project/final_project.srcs/sources_1/new/mem_addr_gen.v:113]
INFO: [Synth 8-5818] HDL ADVISOR - The operator resource <adder> is shared. To prevent sharing consider applying a KEEP on the output of the operator [D:/Users/user/Desktop/1071/Verilog/final project/final_project/final_project.srcs/sources_1/new/mem_addr_gen.v:90]
INFO: [Synth 8-5818] HDL ADVISOR - The operator resource <adder> is shared. To prevent sharing consider applying a KEEP on the output of the operator [D:/Users/user/Desktop/1071/Verilog/final project/final_project/final_project.srcs/sources_1/new/mem_addr_gen.v:64]
INFO: [Synth 8-5818] HDL ADVISOR - The operator resource <adder> is shared. To prevent sharing consider applying a KEEP on the output of the operator [D:/Users/user/Desktop/1071/Verilog/final project/final_project/final_project.srcs/sources_1/new/select_ctl.v:47]
INFO: [Synth 8-5818] HDL ADVISOR - The operator resource <adder> is shared. To prevent sharing consider applying a KEEP on the output of the operator [D:/Users/user/Desktop/1071/Verilog/final project/final_project/final_project.srcs/sources_1/new/select_ctl.v:47]
INFO: [Synth 8-5544] ROM "position_x_next0" won't be mapped to Block RAM because address size (4) smaller than threshold (5)
INFO: [Synth 8-5544] ROM "position_x_next0" won't be mapped to Block RAM because address size (4) smaller than threshold (5)
INFO: [Synth 8-5544] ROM "position_y_next0" won't be mapped to Block RAM because address size (4) smaller than threshold (5)
INFO: [Synth 8-5544] ROM "position_y_next0" won't be mapped to Block RAM because address size (4) smaller than threshold (5)
---------------------------------------------------------------------------------
Finished RTL Optimization Phase 2 : Time (s): cpu = 00:00:16 ; elapsed = 00:00:19 . Memory (MB): peak = 602.727 ; gain = 395.961
---------------------------------------------------------------------------------

Report RTL Partitions: 
+-+--------------+------------+----------+
| |RTL Partition |Replication |Instances |
+-+--------------+------------+----------+
+-+--------------+------------+----------+
---------------------------------------------------------------------------------
Start RTL Component Statistics 
---------------------------------------------------------------------------------
Detailed RTL Component Info : 
+---Adders : 
	   2 Input     32 Bit       Adders := 4     
	   2 Input     17 Bit       Adders := 4     
	   3 Input     17 Bit       Adders := 9     
	   2 Input     11 Bit       Adders := 4     
	   2 Input     10 Bit       Adders := 4     
	   2 Input      6 Bit       Adders := 4     
	   2 Input      4 Bit       Adders := 2     
	   2 Input      2 Bit       Adders := 1     
+---Registers : 
	              512 Bit    Registers := 1     
	               10 Bit    Registers := 3     
	                6 Bit    Registers := 4     
	                4 Bit    Registers := 2     
	                2 Bit    Registers := 3     
	                1 Bit    Registers := 10    
+---Multipliers : 
	                 6x32  Multipliers := 2     
+---Muxes : 
	   2 Input    512 Bit        Muxes := 1     
	  11 Input     17 Bit        Muxes := 6     
	   8 Input     17 Bit        Muxes := 4     
	   2 Input     17 Bit        Muxes := 20    
	  11 Input     11 Bit        Muxes := 2     
	   4 Input     10 Bit        Muxes := 1     
	   2 Input     10 Bit        Muxes := 2     
	   2 Input      6 Bit        Muxes := 6     
	  11 Input      3 Bit        Muxes := 4     
	   5 Input      2 Bit        Muxes := 3     
	   2 Input      2 Bit        Muxes := 3     
	   2 Input      1 Bit        Muxes := 25    
	   4 Input      1 Bit        Muxes := 8     
	   3 Input      1 Bit        Muxes := 1     
---------------------------------------------------------------------------------
Finished RTL Component Statistics 
---------------------------------------------------------------------------------
---------------------------------------------------------------------------------
Start RTL Hierarchical Component Statistics 
---------------------------------------------------------------------------------
Hierarchical RTL Component report 
Module clock_divisor 
Detailed RTL Component Info : 
+---Adders : 
	   2 Input      2 Bit       Adders := 1     
+---Registers : 
	                2 Bit    Registers := 1     
	                1 Bit    Registers := 2     
+---Muxes : 
	   2 Input      1 Bit        Muxes := 2     
Module OnePulse 
Detailed RTL Component Info : 
+---Registers : 
	                1 Bit    Registers := 2     
Module KeyboardDecoder 
Detailed RTL Component Info : 
+---Registers : 
	              512 Bit    Registers := 1     
	               10 Bit    Registers := 1     
	                2 Bit    Registers := 1     
	                1 Bit    Registers := 4     
+---Muxes : 
	   2 Input    512 Bit        Muxes := 1     
	   4 Input     10 Bit        Muxes := 1     
	   5 Input      2 Bit        Muxes := 1     
	   2 Input      1 Bit        Muxes := 8     
	   4 Input      1 Bit        Muxes := 7     
Module vga_controller 
Detailed RTL Component Info : 
+---Adders : 
	   2 Input     10 Bit       Adders := 2     
+---Registers : 
	               10 Bit    Registers := 2     
	                1 Bit    Registers := 2     
+---Muxes : 
	   2 Input     10 Bit        Muxes := 2     
	   2 Input      1 Bit        Muxes := 4     
Module mem_addr_gen 
Detailed RTL Component Info : 
+---Adders : 
	   2 Input     32 Bit       Adders := 4     
	   2 Input     17 Bit       Adders := 4     
	   3 Input     17 Bit       Adders := 9     
	   2 Input     11 Bit       Adders := 4     
	   2 Input     10 Bit       Adders := 2     
+---Multipliers : 
	                 6x32  Multipliers := 2     
+---Muxes : 
	  11 Input     17 Bit        Muxes := 6     
	   8 Input     17 Bit        Muxes := 4     
	   2 Input     17 Bit        Muxes := 20    
	  11 Input     11 Bit        Muxes := 2     
	  11 Input      3 Bit        Muxes := 4     
Module down_counter 
Detailed RTL Component Info : 
+---Adders : 
	   2 Input      6 Bit       Adders := 2     
+---Registers : 
	                6 Bit    Registers := 2     
+---Muxes : 
	   2 Input      6 Bit        Muxes := 3     
	   2 Input      1 Bit        Muxes := 1     
Module timer_ctl 
Detailed RTL Component Info : 
+---Registers : 
	                2 Bit    Registers := 1     
+---Muxes : 
	   2 Input      2 Bit        Muxes := 2     
	   4 Input      1 Bit        Muxes := 1     
	   2 Input      1 Bit        Muxes := 2     
Module select_ctl 
Detailed RTL Component Info : 
+---Adders : 
	   2 Input      4 Bit       Adders := 2     
+---Registers : 
	                4 Bit    Registers := 2     
+---Muxes : 
	   5 Input      2 Bit        Muxes := 2     
	   2 Input      2 Bit        Muxes := 1     
	   2 Input      1 Bit        Muxes := 7     
	   3 Input      1 Bit        Muxes := 1     
---------------------------------------------------------------------------------
Finished RTL Hierarchical Component Statistics
---------------------------------------------------------------------------------
---------------------------------------------------------------------------------
Start Part Resource Summary
---------------------------------------------------------------------------------
Part Resources:
DSPs: 90 (col length:60)
BRAMs: 100 (col length: RAMB18 60 RAMB36 30)
---------------------------------------------------------------------------------
Finished Part Resource Summary
---------------------------------------------------------------------------------
Start Parallel Synthesis Optimization  : Time (s): cpu = 00:00:16 ; elapsed = 00:00:20 . Memory (MB): peak = 602.727 ; gain = 395.961
---------------------------------------------------------------------------------
Start Cross Boundary Optimization
---------------------------------------------------------------------------------
INFO: [Synth 8-5546] ROM "state" won't be mapped to RAM because it is too sparse
INFO: [Synth 8-5546] ROM "line_cnt" won't be mapped to RAM because it is too sparse
DSP Report: Generating DSP select_y0, operation Mode is: (C:0xd)+A*(B:0x34).
DSP Report: operator select_y0 is absorbed into DSP select_y0.
DSP Report: operator select_y1 is absorbed into DSP select_y0.
DSP Report: Generating DSP select_x0, operation Mode is: (C:0xc)+A*(B:0x34).
DSP Report: operator select_x0 is absorbed into DSP select_x0.
DSP Report: operator select_x1 is absorbed into DSP select_x0.
DSP Report: Generating DSP pixel_addr0, operation Mode is: C+A*(B:0x140).
DSP Report: operator pixel_addr0 is absorbed into DSP pixel_addr0.
DSP Report: operator pixel_addr1 is absorbed into DSP pixel_addr0.
DSP Report: Generating DSP pixel_addr1, operation Mode is: A*(B:0x140).
DSP Report: operator pixel_addr1 is absorbed into DSP pixel_addr1.
DSP Report: Generating DSP pixel_addr1, operation Mode is: A*(B:0x140).
DSP Report: operator pixel_addr1 is absorbed into DSP pixel_addr1.
DSP Report: Generating DSP pixel_addr0, operation Mode is: C+A*(B:0x140).
DSP Report: operator pixel_addr0 is absorbed into DSP pixel_addr0.
DSP Report: operator pixel_addr1 is absorbed into DSP pixel_addr0.
DSP Report: Generating DSP pixel_addr0, operation Mode is: PCIN+(A:0x0):B+(C:0xfffffffffff3).
DSP Report: operator pixel_addr0 is absorbed into DSP pixel_addr0.
DSP Report: Generating DSP pixel_addr0, operation Mode is: C+A*(B:0x140).
DSP Report: operator pixel_addr0 is absorbed into DSP pixel_addr0.
DSP Report: operator pixel_addr1 is absorbed into DSP pixel_addr0.
DSP Report: Generating DSP pixel_addr0, operation Mode is: C+A*(B:0x140).
DSP Report: operator pixel_addr0 is absorbed into DSP pixel_addr0.
DSP Report: operator pixel_addr1 is absorbed into DSP pixel_addr0.
DSP Report: Generating DSP pixel_addr1, operation Mode is: (D+(A:0x1b))*(B:0x140).
DSP Report: operator pixel_addr1 is absorbed into DSP pixel_addr1.
DSP Report: operator pixel_addr2 is absorbed into DSP pixel_addr1.
DSP Report: Generating DSP pixel_addr0, operation Mode is: PCIN+(A:0x0):B+(C:0xffffffffffe2).
DSP Report: operator pixel_addr0 is absorbed into DSP pixel_addr0.
DSP Report: Generating DSP pixel_addr0, operation Mode is: C+A*(B:0x140).
DSP Report: operator pixel_addr0 is absorbed into DSP pixel_addr0.
DSP Report: operator pixel_addr1 is absorbed into DSP pixel_addr0.
DSP Report: Generating DSP pixel_addr1, operation Mode is: (D+(A:0x5e))*(B:0x140).
DSP Report: operator pixel_addr1 is absorbed into DSP pixel_addr1.
DSP Report: operator pixel_addr2 is absorbed into DSP pixel_addr1.
DSP Report: Generating DSP pixel_addr0, operation Mode is: PCIN+(A:0x0):B+(C:0x19).
DSP Report: operator pixel_addr0 is absorbed into DSP pixel_addr0.
DSP Report: Generating DSP pixel_addr0, operation Mode is: C+(D+(A:0x23))*(B:0x140).
DSP Report: operator pixel_addr0 is absorbed into DSP pixel_addr0.
DSP Report: operator pixel_addr1 is absorbed into DSP pixel_addr0.
DSP Report: operator pixel_addr2 is absorbed into DSP pixel_addr0.
DSP Report: Generating DSP pixel_addr1, operation Mode is: (D+(A:0x23))*(B:0x140).
DSP Report: operator pixel_addr1 is absorbed into DSP pixel_addr1.
DSP Report: operator pixel_addr2 is absorbed into DSP pixel_addr1.
DSP Report: Generating DSP pixel_addr1, operation Mode is: A*(B:0x140).
DSP Report: operator pixel_addr1 is absorbed into DSP pixel_addr1.
DSP Report: Generating DSP pixel_addr0, operation Mode is: C+A*(B:0x140).
DSP Report: operator pixel_addr0 is absorbed into DSP pixel_addr0.
DSP Report: operator pixel_addr1 is absorbed into DSP pixel_addr0.
DSP Report: Generating DSP pixel_addr0, operation Mode is: PCIN+(A:0x0):B+(C:0xfffffffffff3).
DSP Report: operator pixel_addr0 is absorbed into DSP pixel_addr0.
DSP Report: Generating DSP pixel_addr0, operation Mode is: C+(D+(A:0x23))*(B:0x140).
DSP Report: operator pixel_addr0 is absorbed into DSP pixel_addr0.
DSP Report: operator pixel_addr1 is absorbed into DSP pixel_addr0.
DSP Report: operator pixel_addr2 is absorbed into DSP pixel_addr0.
DSP Report: Generating DSP pixel_addr0, operation Mode is: C+A*(B:0x140).
DSP Report: operator pixel_addr0 is absorbed into DSP pixel_addr0.
DSP Report: operator pixel_addr1 is absorbed into DSP pixel_addr0.
DSP Report: Generating DSP pixel_addr1, operation Mode is: (D+(A:0x48))*(B:0x140).
DSP Report: operator pixel_addr1 is absorbed into DSP pixel_addr1.
DSP Report: operator pixel_addr2 is absorbed into DSP pixel_addr1.
DSP Report: Generating DSP pixel_addr0, operation Mode is: PCIN+(A:0x0):B+(C:0xffffffffffe2).
DSP Report: operator pixel_addr0 is absorbed into DSP pixel_addr0.
DSP Report: Generating DSP pixel_addr0, operation Mode is: C+(D+(A:0x23))*(B:0x140).
DSP Report: operator pixel_addr0 is absorbed into DSP pixel_addr0.
DSP Report: operator pixel_addr1 is absorbed into DSP pixel_addr0.
DSP Report: operator pixel_addr2 is absorbed into DSP pixel_addr0.
DSP Report: Generating DSP pixel_addr1, operation Mode is: (D+(A:0x8b))*(B:0x140).
DSP Report: operator pixel_addr1 is absorbed into DSP pixel_addr1.
DSP Report: operator pixel_addr2 is absorbed into DSP pixel_addr1.
DSP Report: Generating DSP pixel_addr0, operation Mode is: PCIN+(A:0x0):B+(C:0xfffffffffffe).
DSP Report: operator pixel_addr0 is absorbed into DSP pixel_addr0.
DSP Report: Generating DSP pixel_addr1, operation Mode is: A*(B:0x140).
DSP Report: operator pixel_addr1 is absorbed into DSP pixel_addr1.
DSP Report: Generating DSP pixel_addr0, operation Mode is: PCIN+(A:0x0):B+(C:0x11e).
DSP Report: operator pixel_addr0 is absorbed into DSP pixel_addr0.
---------------------------------------------------------------------------------
Finished Cross Boundary Optimization : Time (s): cpu = 00:00:17 ; elapsed = 00:00:21 . Memory (MB): peak = 602.727 ; gain = 395.961
---------------------------------------------------------------------------------
Finished Parallel Reinference  : Time (s): cpu = 00:00:17 ; elapsed = 00:00:21 . Memory (MB): peak = 602.727 ; gain = 395.961

Report RTL Partitions: 
+-+--------------+------------+----------+
| |RTL Partition |Replication |Instances |
+-+--------------+------------+----------+
+-+--------------+------------+----------+
---------------------------------------------------------------------------------
Start ROM, RAM, DSP and Shift Register Reporting
---------------------------------------------------------------------------------

DSP: Preliminary Mapping  Report (see note below)
+-------------+-----------------------------------+--------+--------+--------+--------+--------+------+------+------+------+-------+------+------+
|Module Name  | DSP Mapping                       | A Size | B Size | C Size | D Size | P Size | AREG | BREG | CREG | DREG | ADREG | MREG | PREG | 
+-------------+-----------------------------------+--------+--------+--------+--------+--------+------+------+------+------+-------+------+------+
|mem_addr_gen | (C:0xd)+A*(B:0x34)                | 10     | 6      | 4      | -      | 10     | 0    | 0    | 0    | -    | -     | 0    | 0    | 
|mem_addr_gen | (C:0xc)+A*(B:0x34)                | 10     | 6      | 4      | -      | 10     | 0    | 0    | 0    | -    | -     | 0    | 0    | 
|mem_addr_gen | C+A*(B:0x140)                     | 17     | 9      | 10     | -      | 17     | 0    | 0    | 0    | -    | -     | 0    | 0    | 
|mem_addr_gen | A*(B:0x140)                       | 17     | 9      | -      | -      | 26     | 0    | 0    | -    | -    | -     | 0    | 0    | 
|mem_addr_gen | A*(B:0x140)                       | 17     | 9      | -      | -      | 26     | 0    | 0    | -    | -    | -     | 0    | 0    | 
|mem_addr_gen | C+A*(B:0x140)                     | 17     | 9      | 10     | -      | 17     | 0    | 0    | 0    | -    | -     | 0    | 0    | 
|mem_addr_gen | PCIN+(A:0x0):B+(C:0xfffffffffff3) | 30     | 10     | 5      | -      | -1     | 0    | 0    | 0    | -    | -     | 0    | 0    | 
|mem_addr_gen | C+A*(B:0x140)                     | 17     | 9      | 11     | -      | 17     | 0    | 0    | 0    | -    | -     | 0    | 0    | 
|mem_addr_gen | C+A*(B:0x140)                     | 17     | 9      | 11     | -      | 17     | 0    | 0    | 0    | -    | -     | 0    | 0    | 
|mem_addr_gen | (D+(A:0x1b))*(B:0x140)            | 5      | 9      | -      | 10     | 20     | 0    | 0    | -    | 0    | 0     | 0    | 0    | 
|mem_addr_gen | PCIN+(A:0x0):B+(C:0xffffffffffe2) | 30     | 10     | 6      | -      | -1     | 0    | 0    | 0    | -    | -     | 0    | 0    | 
|mem_addr_gen | C+A*(B:0x140)                     | 17     | 9      | 11     | -      | 17     | 0    | 0    | 0    | -    | -     | 0    | 0    | 
|mem_addr_gen | (D+(A:0x5e))*(B:0x140)            | 7      | 9      | -      | 10     | 20     | 0    | 0    | -    | 0    | 0     | 0    | 0    | 
|mem_addr_gen | PCIN+(A:0x0):B+(C:0x19)           | 30     | 10     | 5      | -      | -1     | 0    | 0    | 0    | -    | -     | 0    | 0    | 
|mem_addr_gen | C+(D+(A:0x23))*(B:0x140)          | 6      | 9      | 10     | 10     | 17     | 0    | 0    | 0    | 0    | 0     | 0    | 0    | 
|mem_addr_gen | (D+(A:0x23))*(B:0x140)            | 6      | 9      | -      | 10     | 20     | 0    | 0    | -    | 0    | 0     | 0    | 0    | 
|mem_addr_gen | A*(B:0x140)                       | 10     | 9      | -      | -      | 19     | 0    | 0    | -    | -    | -     | 0    | 0    | 
|mem_addr_gen | C+A*(B:0x140)                     | 10     | 9      | 10     | -      | 17     | 0    | 0    | 0    | -    | -     | 0    | 0    | 
|mem_addr_gen | PCIN+(A:0x0):B+(C:0xfffffffffff3) | 30     | 10     | 5      | -      | -1     | 0    | 0    | 0    | -    | -     | 0    | 0    | 
|mem_addr_gen | C+(D+(A:0x23))*(B:0x140)          | 6      | 9      | 11     | 10     | 17     | 0    | 0    | 0    | 0    | 0     | 0    | 0    | 
|mem_addr_gen | C+A*(B:0x140)                     | 10     | 9      | 11     | -      | 17     | 0    | 0    | 0    | -    | -     | 0    | 0    | 
|mem_addr_gen | (D+(A:0x48))*(B:0x140)            | 7      | 9      | -      | 10     | 20     | 0    | 0    | -    | 0    | 0     | 0    | 0    | 
|mem_addr_gen | PCIN+(A:0x0):B+(C:0xffffffffffe2) | 30     | 10     | 6      | -      | -1     | 0    | 0    | 0    | -    | -     | 0    | 0    | 
|mem_addr_gen | C+(D+(A:0x23))*(B:0x140)          | 6      | 9      | 11     | 10     | 17     | 0    | 0    | 0    | 0    | 0     | 0    | 0    | 
|mem_addr_gen | (D+(A:0x8b))*(B:0x140)            | 8      | 9      | -      | 10     | 20     | 0    | 0    | -    | 0    | 0     | 0    | 0    | 
|mem_addr_gen | PCIN+(A:0x0):B+(C:0xfffffffffffe) | 30     | 10     | 2      | -      | -1     | 0    | 0    | 0    | -    | -     | 0    | 0    | 
|mem_addr_gen | A*(B:0x140)                       | 17     | 9      | -      | -      | 26     | 0    | 0    | -    | -    | -     | 0    | 0    | 
|mem_addr_gen | PCIN+(A:0x0):B+(C:0x11e)          | 30     | 10     | 9      | -      | -1     | 0    | 0    | 0    | -    | -     | 0    | 0    | 
+-------------+-----------------------------------+--------+--------+--------+--------+--------+------+------+------+------+-------+------+------+

Note: The table above is a preliminary report that shows the DSPs inferred at the current stage of the synthesis flow. Some DSP may be reimplemented as non DSP primitives later in the synthesis flow. Multiple instantiated DSPs are reported only once.
---------------------------------------------------------------------------------
Finished ROM, RAM, DSP and Shift Register Reporting
---------------------------------------------------------------------------------
---------------------------------------------------------------------------------
Start Area Optimization
---------------------------------------------------------------------------------
WARNING: [Synth 8-3332] Sequential element (key_down_reg[511]) is unused and will be removed from module KeyboardDecoder.
WARNING: [Synth 8-3332] Sequential element (key_down_reg[510]) is unused and will be removed from module KeyboardDecoder.
WARNING: [Synth 8-3332] Sequential element (key_down_reg[509]) is unused and will be removed from module KeyboardDecoder.
WARNING: [Synth 8-3332] Sequential element (key_down_reg[508]) is unused and will be removed from module KeyboardDecoder.
WARNING: [Synth 8-3332] Sequential element (key_down_reg[507]) is unused and will be removed from module KeyboardDecoder.
WARNING: [Synth 8-3332] Sequential element (key_down_reg[506]) is unused and will be removed from module KeyboardDecoder.
WARNING: [Synth 8-3332] Sequential element (key_down_reg[505]) is unused and will be removed from module KeyboardDecoder.
WARNING: [Synth 8-3332] Sequential element (key_down_reg[504]) is unused and will be removed from module KeyboardDecoder.
WARNING: [Synth 8-3332] Sequential element (key_down_reg[503]) is unused and will be removed from module KeyboardDecoder.
WARNING: [Synth 8-3332] Sequential element (key_down_reg[502]) is unused and will be removed from module KeyboardDecoder.
WARNING: [Synth 8-3332] Sequential element (key_down_reg[501]) is unused and will be removed from module KeyboardDecoder.
WARNING: [Synth 8-3332] Sequential element (key_down_reg[500]) is unused and will be removed from module KeyboardDecoder.
WARNING: [Synth 8-3332] Sequential element (key_down_reg[499]) is unused and will be removed from module KeyboardDecoder.
WARNING: [Synth 8-3332] Sequential element (key_down_reg[498]) is unused and will be removed from module KeyboardDecoder.
WARNING: [Synth 8-3332] Sequential element (key_down_reg[497]) is unused and will be removed from module KeyboardDecoder.
WARNING: [Synth 8-3332] Sequential element (key_down_reg[496]) is unused and will be removed from module KeyboardDecoder.
WARNING: [Synth 8-3332] Sequential element (key_down_reg[495]) is unused and will be removed from module KeyboardDecoder.
WARNING: [Synth 8-3332] Sequential element (key_down_reg[494]) is unused and will be removed from module KeyboardDecoder.
WARNING: [Synth 8-3332] Sequential element (key_down_reg[493]) is unused and will be removed from module KeyboardDecoder.
WARNING: [Synth 8-3332] Sequential element (key_down_reg[492]) is unused and will be removed from module KeyboardDecoder.
WARNING: [Synth 8-3332] Sequential element (key_down_reg[491]) is unused and will be removed from module KeyboardDecoder.
WARNING: [Synth 8-3332] Sequential element (key_down_reg[490]) is unused and will be removed from module KeyboardDecoder.
WARNING: [Synth 8-3332] Sequential element (key_down_reg[489]) is unused and will be removed from module KeyboardDecoder.
WARNING: [Synth 8-3332] Sequential element (key_down_reg[488]) is unused and will be removed from module KeyboardDecoder.
WARNING: [Synth 8-3332] Sequential element (key_down_reg[487]) is unused and will be removed from module KeyboardDecoder.
WARNING: [Synth 8-3332] Sequential element (key_down_reg[486]) is unused and will be removed from module KeyboardDecoder.
WARNING: [Synth 8-3332] Sequential element (key_down_reg[485]) is unused and will be removed from module KeyboardDecoder.
WARNING: [Synth 8-3332] Sequential element (key_down_reg[484]) is unused and will be removed from module KeyboardDecoder.
WARNING: [Synth 8-3332] Sequential element (key_down_reg[483]) is unused and will be removed from module KeyboardDecoder.
WARNING: [Synth 8-3332] Sequential element (key_down_reg[482]) is unused and will be removed from module KeyboardDecoder.
WARNING: [Synth 8-3332] Sequential element (key_down_reg[481]) is unused and will be removed from module KeyboardDecoder.
WARNING: [Synth 8-3332] Sequential element (key_down_reg[480]) is unused and will be removed from module KeyboardDecoder.
WARNING: [Synth 8-3332] Sequential element (key_down_reg[479]) is unused and will be removed from module KeyboardDecoder.
WARNING: [Synth 8-3332] Sequential element (key_down_reg[478]) is unused and will be removed from module KeyboardDecoder.
WARNING: [Synth 8-3332] Sequential element (key_down_reg[477]) is unused and will be removed from module KeyboardDecoder.
WARNING: [Synth 8-3332] Sequential element (key_down_reg[476]) is unused and will be removed from module KeyboardDecoder.
WARNING: [Synth 8-3332] Sequential element (key_down_reg[475]) is unused and will be removed from module KeyboardDecoder.
WARNING: [Synth 8-3332] Sequential element (key_down_reg[474]) is unused and will be removed from module KeyboardDecoder.
WARNING: [Synth 8-3332] Sequential element (key_down_reg[473]) is unused and will be removed from module KeyboardDecoder.
WARNING: [Synth 8-3332] Sequential element (key_down_reg[472]) is unused and will be removed from module KeyboardDecoder.
WARNING: [Synth 8-3332] Sequential element (key_down_reg[471]) is unused and will be removed from module KeyboardDecoder.
WARNING: [Synth 8-3332] Sequential element (key_down_reg[470]) is unused and will be removed from module KeyboardDecoder.
WARNING: [Synth 8-3332] Sequential element (key_down_reg[469]) is unused and will be removed from module KeyboardDecoder.
WARNING: [Synth 8-3332] Sequential element (key_down_reg[468]) is unused and will be removed from module KeyboardDecoder.
WARNING: [Synth 8-3332] Sequential element (key_down_reg[467]) is unused and will be removed from module KeyboardDecoder.
WARNING: [Synth 8-3332] Sequential element (key_down_reg[466]) is unused and will be removed from module KeyboardDecoder.
WARNING: [Synth 8-3332] Sequential element (key_down_reg[465]) is unused and will be removed from module KeyboardDecoder.
WARNING: [Synth 8-3332] Sequential element (key_down_reg[464]) is unused and will be removed from module KeyboardDecoder.
WARNING: [Synth 8-3332] Sequential element (key_down_reg[463]) is unused and will be removed from module KeyboardDecoder.
WARNING: [Synth 8-3332] Sequential element (key_down_reg[462]) is unused and will be removed from module KeyboardDecoder.
WARNING: [Synth 8-3332] Sequential element (key_down_reg[461]) is unused and will be removed from module KeyboardDecoder.
WARNING: [Synth 8-3332] Sequential element (key_down_reg[460]) is unused and will be removed from module KeyboardDecoder.
WARNING: [Synth 8-3332] Sequential element (key_down_reg[459]) is unused and will be removed from module KeyboardDecoder.
WARNING: [Synth 8-3332] Sequential element (key_down_reg[458]) is unused and will be removed from module KeyboardDecoder.
WARNING: [Synth 8-3332] Sequential element (key_down_reg[457]) is unused and will be removed from module KeyboardDecoder.
WARNING: [Synth 8-3332] Sequential element (key_down_reg[456]) is unused and will be removed from module KeyboardDecoder.
WARNING: [Synth 8-3332] Sequential element (key_down_reg[455]) is unused and will be removed from module KeyboardDecoder.
WARNING: [Synth 8-3332] Sequential element (key_down_reg[454]) is unused and will be removed from module KeyboardDecoder.
WARNING: [Synth 8-3332] Sequential element (key_down_reg[453]) is unused and will be removed from module KeyboardDecoder.
WARNING: [Synth 8-3332] Sequential element (key_down_reg[452]) is unused and will be removed from module KeyboardDecoder.
WARNING: [Synth 8-3332] Sequential element (key_down_reg[451]) is unused and will be removed from module KeyboardDecoder.
WARNING: [Synth 8-3332] Sequential element (key_down_reg[450]) is unused and will be removed from module KeyboardDecoder.
WARNING: [Synth 8-3332] Sequential element (key_down_reg[449]) is unused and will be removed from module KeyboardDecoder.
WARNING: [Synth 8-3332] Sequential element (key_down_reg[448]) is unused and will be removed from module KeyboardDecoder.
WARNING: [Synth 8-3332] Sequential element (key_down_reg[447]) is unused and will be removed from module KeyboardDecoder.
WARNING: [Synth 8-3332] Sequential element (key_down_reg[446]) is unused and will be removed from module KeyboardDecoder.
WARNING: [Synth 8-3332] Sequential element (key_down_reg[445]) is unused and will be removed from module KeyboardDecoder.
WARNING: [Synth 8-3332] Sequential element (key_down_reg[444]) is unused and will be removed from module KeyboardDecoder.
WARNING: [Synth 8-3332] Sequential element (key_down_reg[443]) is unused and will be removed from module KeyboardDecoder.
WARNING: [Synth 8-3332] Sequential element (key_down_reg[442]) is unused and will be removed from module KeyboardDecoder.
WARNING: [Synth 8-3332] Sequential element (key_down_reg[441]) is unused and will be removed from module KeyboardDecoder.
WARNING: [Synth 8-3332] Sequential element (key_down_reg[440]) is unused and will be removed from module KeyboardDecoder.
WARNING: [Synth 8-3332] Sequential element (key_down_reg[439]) is unused and will be removed from module KeyboardDecoder.
WARNING: [Synth 8-3332] Sequential element (key_down_reg[438]) is unused and will be removed from module KeyboardDecoder.
WARNING: [Synth 8-3332] Sequential element (key_down_reg[437]) is unused and will be removed from module KeyboardDecoder.
WARNING: [Synth 8-3332] Sequential element (key_down_reg[436]) is unused and will be removed from module KeyboardDecoder.
WARNING: [Synth 8-3332] Sequential element (key_down_reg[435]) is unused and will be removed from module KeyboardDecoder.
WARNING: [Synth 8-3332] Sequential element (key_down_reg[434]) is unused and will be removed from module KeyboardDecoder.
WARNING: [Synth 8-3332] Sequential element (key_down_reg[433]) is unused and will be removed from module KeyboardDecoder.
WARNING: [Synth 8-3332] Sequential element (key_down_reg[432]) is unused and will be removed from module KeyboardDecoder.
WARNING: [Synth 8-3332] Sequential element (key_down_reg[431]) is unused and will be removed from module KeyboardDecoder.
WARNING: [Synth 8-3332] Sequential element (key_down_reg[430]) is unused and will be removed from module KeyboardDecoder.
WARNING: [Synth 8-3332] Sequential element (key_down_reg[429]) is unused and will be removed from module KeyboardDecoder.
WARNING: [Synth 8-3332] Sequential element (key_down_reg[428]) is unused and will be removed from module KeyboardDecoder.
WARNING: [Synth 8-3332] Sequential element (key_down_reg[427]) is unused and will be removed from module KeyboardDecoder.
WARNING: [Synth 8-3332] Sequential element (key_down_reg[426]) is unused and will be removed from module KeyboardDecoder.
WARNING: [Synth 8-3332] Sequential element (key_down_reg[425]) is unused and will be removed from module KeyboardDecoder.
WARNING: [Synth 8-3332] Sequential element (key_down_reg[424]) is unused and will be removed from module KeyboardDecoder.
WARNING: [Synth 8-3332] Sequential element (key_down_reg[423]) is unused and will be removed from module KeyboardDecoder.
WARNING: [Synth 8-3332] Sequential element (key_down_reg[422]) is unused and will be removed from module KeyboardDecoder.
WARNING: [Synth 8-3332] Sequential element (key_down_reg[421]) is unused and will be removed from module KeyboardDecoder.
WARNING: [Synth 8-3332] Sequential element (key_down_reg[420]) is unused and will be removed from module KeyboardDecoder.
WARNING: [Synth 8-3332] Sequential element (key_down_reg[419]) is unused and will be removed from module KeyboardDecoder.
WARNING: [Synth 8-3332] Sequential element (key_down_reg[418]) is unused and will be removed from module KeyboardDecoder.
WARNING: [Synth 8-3332] Sequential element (key_down_reg[417]) is unused and will be removed from module KeyboardDecoder.
WARNING: [Synth 8-3332] Sequential element (key_down_reg[416]) is unused and will be removed from module KeyboardDecoder.
WARNING: [Synth 8-3332] Sequential element (key_down_reg[415]) is unused and will be removed from module KeyboardDecoder.
WARNING: [Synth 8-3332] Sequential element (key_down_reg[414]) is unused and will be removed from module KeyboardDecoder.
WARNING: [Synth 8-3332] Sequential element (key_down_reg[413]) is unused and will be removed from module KeyboardDecoder.
WARNING: [Synth 8-3332] Sequential element (key_down_reg[412]) is unused and will be removed from module KeyboardDecoder.
INFO: [Common 17-14] Message 'Synth 8-3332' appears 100 times and further instances of the messages will be disabled. Use the Tcl command set_msg_config to change the current settings.
---------------------------------------------------------------------------------
Finished Area Optimization : Time (s): cpu = 00:00:27 ; elapsed = 00:00:32 . Memory (MB): peak = 602.727 ; gain = 395.961
---------------------------------------------------------------------------------
Finished Parallel Area Optimization  : Time (s): cpu = 00:00:27 ; elapsed = 00:00:32 . Memory (MB): peak = 602.727 ; gain = 395.961

Report RTL Partitions: 
+-+--------------+------------+----------+
| |RTL Partition |Replication |Instances |
+-+--------------+------------+----------+
+-+--------------+------------+----------+
---------------------------------------------------------------------------------
Start Timing Optimization
---------------------------------------------------------------------------------
---------------------------------------------------------------------------------
Start Applying XDC Timing Constraints
---------------------------------------------------------------------------------
---------------------------------------------------------------------------------
Finished Applying XDC Timing Constraints : Time (s): cpu = 00:00:41 ; elapsed = 00:00:46 . Memory (MB): peak = 669.543 ; gain = 462.777
---------------------------------------------------------------------------------
---------------------------------------------------------------------------------
Finished Timing Optimization : Time (s): cpu = 00:00:41 ; elapsed = 00:00:46 . Memory (MB): peak = 670.422 ; gain = 463.656
---------------------------------------------------------------------------------

Report RTL Partitions: 
+-+--------------+------------+----------+
| |RTL Partition |Replication |Instances |
+-+--------------+------------+----------+
+-+--------------+------------+----------+
---------------------------------------------------------------------------------
Start Technology Mapping
---------------------------------------------------------------------------------
---------------------------------------------------------------------------------
Finished Technology Mapping : Time (s): cpu = 00:00:42 ; elapsed = 00:00:47 . Memory (MB): peak = 730.727 ; gain = 523.961
---------------------------------------------------------------------------------
Finished Parallel Technology Mapping Optimization  : Time (s): cpu = 00:00:42 ; elapsed = 00:00:47 . Memory (MB): peak = 730.727 ; gain = 523.961

Report RTL Partitions: 
+-+--------------+------------+----------+
| |RTL Partition |Replication |Instances |
+-+--------------+------------+----------+
+-+--------------+------------+----------+
Finished Parallel Synthesis Optimization  : Time (s): cpu = 00:00:42 ; elapsed = 00:00:47 . Memory (MB): peak = 730.727 ; gain = 523.961
---------------------------------------------------------------------------------
Start IO Insertion
---------------------------------------------------------------------------------
---------------------------------------------------------------------------------
Start Flattening Before IO Insertion
---------------------------------------------------------------------------------
---------------------------------------------------------------------------------
Finished Flattening Before IO Insertion
---------------------------------------------------------------------------------
---------------------------------------------------------------------------------
Start Final Netlist Cleanup
---------------------------------------------------------------------------------
---------------------------------------------------------------------------------
Finished Final Netlist Cleanup
---------------------------------------------------------------------------------
CRITICAL WARNING: [Synth 8-4442] BlackBox module blk_mem_gen_0_inst has unconnected pin dina[11]
CRITICAL WARNING: [Synth 8-4442] BlackBox module blk_mem_gen_0_inst has unconnected pin dina[10]
CRITICAL WARNING: [Synth 8-4442] BlackBox module blk_mem_gen_0_inst has unconnected pin dina[9]
CRITICAL WARNING: [Synth 8-4442] BlackBox module blk_mem_gen_0_inst has unconnected pin dina[8]
CRITICAL WARNING: [Synth 8-4442] BlackBox module blk_mem_gen_0_inst has unconnected pin dina[7]
CRITICAL WARNING: [Synth 8-4442] BlackBox module blk_mem_gen_0_inst has unconnected pin dina[6]
CRITICAL WARNING: [Synth 8-4442] BlackBox module blk_mem_gen_0_inst has unconnected pin dina[5]
CRITICAL WARNING: [Synth 8-4442] BlackBox module blk_mem_gen_0_inst has unconnected pin dina[4]
CRITICAL WARNING: [Synth 8-4442] BlackBox module blk_mem_gen_0_inst has unconnected pin dina[3]
CRITICAL WARNING: [Synth 8-4442] BlackBox module blk_mem_gen_0_inst has unconnected pin dina[2]
CRITICAL WARNING: [Synth 8-4442] BlackBox module blk_mem_gen_0_inst has unconnected pin dina[1]
CRITICAL WARNING: [Synth 8-4442] BlackBox module blk_mem_gen_0_inst has unconnected pin dina[0]
---------------------------------------------------------------------------------
Finished IO Insertion : Time (s): cpu = 00:00:42 ; elapsed = 00:00:47 . Memory (MB): peak = 730.727 ; gain = 523.961
---------------------------------------------------------------------------------

Report Check Netlist: 
+------+------------------+-------+---------+-------+------------------+
|      |Item              |Errors |Warnings |Status |Description       |
+------+------------------+-------+---------+-------+------------------+
|1     |multi_driven_nets |      0|        0|Passed |Multi driven nets |
+------+------------------+-------+---------+-------+------------------+
---------------------------------------------------------------------------------
Start Renaming Generated Instances
---------------------------------------------------------------------------------
---------------------------------------------------------------------------------
Finished Renaming Generated Instances : Time (s): cpu = 00:00:42 ; elapsed = 00:00:47 . Memory (MB): peak = 730.727 ; gain = 523.961
---------------------------------------------------------------------------------

Report RTL Partitions: 
+-+--------------+------------+----------+
| |RTL Partition |Replication |Instances |
+-+--------------+------------+----------+
+-+--------------+------------+----------+
---------------------------------------------------------------------------------
Start Rebuilding User Hierarchy
---------------------------------------------------------------------------------
---------------------------------------------------------------------------------
Finished Rebuilding User Hierarchy : Time (s): cpu = 00:00:42 ; elapsed = 00:00:47 . Memory (MB): peak = 730.727 ; gain = 523.961
---------------------------------------------------------------------------------
---------------------------------------------------------------------------------
Start Renaming Generated Ports
---------------------------------------------------------------------------------
---------------------------------------------------------------------------------
Finished Renaming Generated Ports : Time (s): cpu = 00:00:43 ; elapsed = 00:00:47 . Memory (MB): peak = 730.727 ; gain = 523.961
---------------------------------------------------------------------------------
---------------------------------------------------------------------------------
Start Handling Custom Attributes
---------------------------------------------------------------------------------
---------------------------------------------------------------------------------
Finished Handling Custom Attributes : Time (s): cpu = 00:00:43 ; elapsed = 00:00:47 . Memory (MB): peak = 730.727 ; gain = 523.961
---------------------------------------------------------------------------------
---------------------------------------------------------------------------------
Start Renaming Generated Nets
---------------------------------------------------------------------------------
---------------------------------------------------------------------------------
Finished Renaming Generated Nets : Time (s): cpu = 00:00:43 ; elapsed = 00:00:47 . Memory (MB): peak = 730.727 ; gain = 523.961
---------------------------------------------------------------------------------
---------------------------------------------------------------------------------
Start Writing Synthesis Report
---------------------------------------------------------------------------------

Report BlackBoxes: 
+------+---------------+----------+
|      |BlackBox name  |Instances |
+------+---------------+----------+
|1     |blk_mem_gen_0  |         1|
|2     |KeyboardCtrl_0 |         1|
+------+---------------+----------+

Report Cell Usage: 
+------+---------------+------+
|      |Cell           |Count |
+------+---------------+------+
|1     |KeyboardCtrl_0 |     1|
|2     |blk_mem_gen_0  |     1|
|3     |BUFG           |     1|
|4     |CARRY4         |    80|
|5     |DSP48E1        |     9|
|6     |DSP48E1_1      |     4|
|7     |DSP48E1_2      |     7|
|8     |DSP48E1_3      |     5|
|9     |DSP48E1_4      |     3|
|10    |LUT1           |    64|
|11    |LUT2           |    91|
|12    |LUT3           |    94|
|13    |LUT4           |   172|
|14    |LUT5           |   281|
|15    |LUT6           |   379|
|16    |MUXF7          |    51|
|17    |FDCE           |    47|
|18    |FDPE           |     8|
|19    |FDRE           |    82|
|20    |FDSE           |     2|
|21    |IBUF           |     2|
|22    |OBUF           |    14|
+------+---------------+------+

Report Instance Areas: 
+------+--------------------+----------------+------+
|      |Instance            |Module          |Cells |
+------+--------------------+----------------+------+
|1     |top                 |                |  1420|
|2     |  KeyboardCtrl_0    |KeyboardDecoder |    80|
|3     |    op              |OnePulse        |     3|
|4     |  b_player          |down_counter    |   172|
|5     |  clk_wiz_0_inst    |clock_divisor   |   146|
|6     |  control           |timer_ctl       |     7|
|7     |  mem_addr_gen_inst |mem_addr_gen    |   353|
|8     |  pos               |select_ctl      |    23|
|9     |  vga_inst          |vga_controller  |   437|
|10    |  w_player          |down_counter_0  |   170|
+------+--------------------+----------------+------+
---------------------------------------------------------------------------------
Finished Writing Synthesis Report : Time (s): cpu = 00:00:43 ; elapsed = 00:00:47 . Memory (MB): peak = 730.727 ; gain = 523.961
---------------------------------------------------------------------------------
Synthesis finished with 0 errors, 12 critical warnings and 507 warnings.
Synthesis Optimization Runtime : Time (s): cpu = 00:00:33 ; elapsed = 00:00:38 . Memory (MB): peak = 730.727 ; gain = 228.188
Synthesis Optimization Complete : Time (s): cpu = 00:00:43 ; elapsed = 00:00:48 . Memory (MB): peak = 730.727 ; gain = 523.961
INFO: [Project 1-571] Translating synthesized netlist
INFO: [Netlist 29-17] Analyzing 110 Unisim elements for replacement
INFO: [Netlist 29-28] Unisim Transformation completed in 0 CPU seconds
INFO: [Project 1-570] Preparing netlist for logic optimization
INFO: [Opt 31-138] Pushed 0 inverter(s) to 0 load pin(s).
INFO: [Project 1-111] Unisim Transformation Summary:
No Unisim elements were transformed.

INFO: [Common 17-83] Releasing license: Synthesis
54 Infos, 106 Warnings, 12 Critical Warnings and 0 Errors encountered.
synth_design completed successfully
synth_design: Time (s): cpu = 00:00:43 ; elapsed = 00:00:46 . Memory (MB): peak = 730.727 ; gain = 523.961
report_utilization: Time (s): cpu = 00:00:00 ; elapsed = 00:00:00.027 . Memory (MB): peak = 730.727 ; gain = 0.000
INFO: [Common 17-206] Exiting Vivado at Sat Jun 16 09:59:36 2018...
